#-----------------------------------------------------------
# Vivado v2018.2 (64-bit)
# SW Build 2258646 on Thu Jun 14 20:03:12 MDT 2018
# IP Build 2256618 on Thu Jun 14 22:10:49 MDT 2018
# Start of session at: Wed Mar  1 14:48:08 2023
# Process ID: 17080
# Current directory: C:/Users/eugen/OneDrive - National University of Singapore/Y2S2/EE2026/Project/MouseAudioDisplay.xpr/MouseAudioDisplay
# Command line: vivado.exe -gui_launcher_event rodinguilauncherevent26332 C:\Users\eugen\OneDrive - National University of Singapore\Y2S2\EE2026\Project\MouseAudioDisplay.xpr\MouseAudioDisplay\MouseAudioDisplay.xpr
# Log file: C:/Users/eugen/OneDrive - National University of Singapore/Y2S2/EE2026/Project/MouseAudioDisplay.xpr/MouseAudioDisplay/vivado.log
# Journal file: C:/Users/eugen/OneDrive - National University of Singapore/Y2S2/EE2026/Project/MouseAudioDisplay.xpr/MouseAudioDisplay\vivado.jou
#-----------------------------------------------------------
start_gui
open_project {C:/Users/eugen/OneDrive - National University of Singapore/Y2S2/EE2026/Project/MouseAudioDisplay.xpr/MouseAudioDisplay/MouseAudioDisplay.xpr}
INFO: [ProjectBase 1-489] The host OS only allows 260 characters in a normal path. The project is stored in a path with more than 80 characters. If you experience issues with IP, Block Designs, or files not being found, please consider moving the project to a location with a shorter path. Alternately consider using the OS subst command to map part of the path to a drive letter.
Current project path is 'C:/Users/eugen/OneDrive - National University of Singapore/Y2S2/EE2026/Project/MouseAudioDisplay.xpr/MouseAudioDisplay'
Scanning sources...
Finished scanning sources
INFO: [IP_Flow 19-234] Refreshing IP repositories
INFO: [IP_Flow 19-1704] No user IP repositories specified
INFO: [IP_Flow 19-2313] Loaded Vivado IP repository 'C:/Xilinx/Vivado/2018.2/data/ip'.
update_compile_order -fileset sources_1
export_ip_user_files -of_objects  [get_files {{C:/Users/eugen/OneDrive - National University of Singapore/Y2S2/EE2026/Project/MouseAudioDisplay.xpr/MouseAudioDisplay/MouseAudioDisplay.srcs/sim_1/new/clksim.v}}] -no_script -reset -force -quiet
remove_files  -fileset sim_1 {{C:/Users/eugen/OneDrive - National University of Singapore/Y2S2/EE2026/Project/MouseAudioDisplay.xpr/MouseAudioDisplay/MouseAudioDisplay.srcs/sim_1/new/clksim.v}}
set_property SOURCE_SET sources_1 [get_filesets sim_1]
close [ open {C:/Users/eugen/OneDrive - National University of Singapore/Y2S2/EE2026/Project/MouseAudioDisplay.xpr/MouseAudioDisplay/MouseAudioDisplay.srcs/sim_1/new/sim.v} w ]
add_files -fileset sim_1 {{C:/Users/eugen/OneDrive - National University of Singapore/Y2S2/EE2026/Project/MouseAudioDisplay.xpr/MouseAudioDisplay/MouseAudioDisplay.srcs/sim_1/new/sim.v}}
update_compile_order -fileset sim_1
set_property top sim [get_filesets sim_1]
set_property top_lib xil_defaultlib [get_filesets sim_1]
update_compile_order -fileset sim_1
launch_simulation
INFO: [Vivado 12-5682] Launching behavioral simulation in 'C:/Users/eugen/OneDrive - National University of Singapore/Y2S2/EE2026/Project/MouseAudioDisplay.xpr/MouseAudioDisplay/MouseAudioDisplay.sim/sim_1/behav/xsim'
INFO: [SIM-utils-51] Simulation object is 'sim_1'
INFO: [SIM-utils-54] Inspecting design source files for 'sim' in fileset 'sim_1'...
INFO: [USF-XSim-97] Finding global include files...
INFO: [USF-XSim-98] Fetching design files from 'sim_1'...
INFO: [USF-XSim-2] XSim::Compile design
INFO: [USF-XSim-61] Executing 'COMPILE and ANALYZE' step in 'C:/Users/eugen/OneDrive - National University of Singapore/Y2S2/EE2026/Project/MouseAudioDisplay.xpr/MouseAudioDisplay/MouseAudioDisplay.sim/sim_1/behav/xsim'
"xvlog --incr --relax -prj sim_vlog.prj"
INFO: [VRFC 10-2263] Analyzing Verilog file "C:/Users/eugen/OneDrive - National University of Singapore/Y2S2/EE2026/Project/MouseAudioDisplay.xpr/MouseAudioDisplay/MouseAudioDisplay.srcs/sources_1/new/twentyKHz.v" into library xil_defaultlib
INFO: [VRFC 10-311] analyzing module twentyKHz
INFO: [VRFC 10-2263] Analyzing Verilog file "C:/Users/eugen/OneDrive - National University of Singapore/Y2S2/EE2026/Project/MouseAudioDisplay.xpr/MouseAudioDisplay/MouseAudioDisplay.srcs/sim_1/new/sim.v" into library xil_defaultlib
INFO: [VRFC 10-311] analyzing module sim
INFO: [USF-XSim-69] 'compile' step finished in '1' seconds
INFO: [USF-XSim-3] XSim::Elaborate design
INFO: [USF-XSim-61] Executing 'ELABORATE' step in 'C:/Users/eugen/OneDrive - National University of Singapore/Y2S2/EE2026/Project/MouseAudioDisplay.xpr/MouseAudioDisplay/MouseAudioDisplay.sim/sim_1/behav/xsim'
Vivado Simulator 2018.2
Copyright 1986-1999, 2001-2018 Xilinx, Inc. All Rights Reserved.
Running: C:/Xilinx/Vivado/2018.2/bin/unwrapped/win64.o/xelab.exe -wto fad9f2eea5774d6091130b4bf65ba538 --incr --debug typical --relax --mt 2 -L xil_defaultlib -L unisims_ver -L unimacro_ver -L secureip --snapshot sim_behav xil_defaultlib.sim xil_defaultlib.glbl -log elaborate.log 
Using 2 slave threads.
Starting static elaboration
Completed static elaboration
Starting simulation data flow analysis
WARNING: [XSIM 43-4099] "C:/Users/eugen/OneDrive - National University of Singapore/Y2S2/EE2026/Project/MouseAudioDisplay.xpr/MouseAudioDisplay/MouseAudioDisplay.srcs/sources_1/new/twentyKHz.v" Line 1. Module twentyKHz doesn't have a timescale but at least one module in design has a timescale.
Completed simulation data flow analysis
Time Resolution for simulation is 1ps
Compiling module xil_defaultlib.twentyKHz
Compiling module xil_defaultlib.sim
Compiling module xil_defaultlib.glbl
Built simulation snapshot sim_behav
ERROR: [Common 17-165] Too many positional options when parsing '-notrace', please type 'webtalk -help' for usage info.

INFO: [USF-XSim-69] 'elaborate' step finished in '3' seconds
INFO: [USF-XSim-4] XSim::Simulate design
INFO: [USF-XSim-61] Executing 'SIMULATE' step in 'C:/Users/eugen/OneDrive - National University of Singapore/Y2S2/EE2026/Project/MouseAudioDisplay.xpr/MouseAudioDisplay/MouseAudioDisplay.sim/sim_1/behav/xsim'
INFO: [USF-XSim-98] *** Running xsim
   with args "sim_behav -key {Behavioral:sim_1:Functional:sim} -tclbatch {sim.tcl} -log {simulate.log}"
INFO: [USF-XSim-8] Loading simulator feature
Vivado Simulator 2018.2
Time resolution is 1 ps
source sim.tcl
# set curr_wave [current_wave_config]
# if { [string length $curr_wave] == 0 } {
#   if { [llength [get_objects]] > 0} {
#     add_wave /
#     set_property needs_save false [current_wave_config]
#   } else {
#      send_msg_id Add_Wave-1 WARNING "No top level signals found. Simulator will start without a wave window. If you want to open a wave window go to 'File->New Waveform Configuration' or type 'create_wave_config' in the TCL console."
#   }
# }
# run 1000ns
INFO: [USF-XSim-96] XSim completed. Design snapshot 'sim_behav' loaded.
INFO: [USF-XSim-97] XSim simulation ran for 1000ns
launch_simulation: Time (s): cpu = 00:00:01 ; elapsed = 00:00:07 . Memory (MB): peak = 880.016 ; gain = 10.223
run 1 ms
close_sim
INFO: [Simtcl 6-16] Simulation closed
update_compile_order -fileset sources_1
launch_runs impl_1 -to_step write_bitstream -jobs 8
[Wed Mar  1 15:13:43 2023] Launched synth_1...
Run output will be captured here: C:/Users/eugen/OneDrive - National University of Singapore/Y2S2/EE2026/Project/MouseAudioDisplay.xpr/MouseAudioDisplay/MouseAudioDisplay.runs/synth_1/runme.log
[Wed Mar  1 15:13:43 2023] Launched impl_1...
Run output will be captured here: C:/Users/eugen/OneDrive - National University of Singapore/Y2S2/EE2026/Project/MouseAudioDisplay.xpr/MouseAudioDisplay/MouseAudioDisplay.runs/impl_1/runme.log
reset_run synth_1
launch_runs impl_1 -to_step write_bitstream -jobs 8
[Wed Mar  1 15:20:54 2023] Launched synth_1...
Run output will be captured here: C:/Users/eugen/OneDrive - National University of Singapore/Y2S2/EE2026/Project/MouseAudioDisplay.xpr/MouseAudioDisplay/MouseAudioDisplay.runs/synth_1/runme.log
[Wed Mar  1 15:20:54 2023] Launched impl_1...
Run output will be captured here: C:/Users/eugen/OneDrive - National University of Singapore/Y2S2/EE2026/Project/MouseAudioDisplay.xpr/MouseAudioDisplay/MouseAudioDisplay.runs/impl_1/runme.log
reset_run synth_1
launch_runs impl_1 -to_step write_bitstream -jobs 8
[Wed Mar  1 15:23:09 2023] Launched synth_1...
Run output will be captured here: C:/Users/eugen/OneDrive - National University of Singapore/Y2S2/EE2026/Project/MouseAudioDisplay.xpr/MouseAudioDisplay/MouseAudioDisplay.runs/synth_1/runme.log
[Wed Mar  1 15:23:09 2023] Launched impl_1...
Run output will be captured here: C:/Users/eugen/OneDrive - National University of Singapore/Y2S2/EE2026/Project/MouseAudioDisplay.xpr/MouseAudioDisplay/MouseAudioDisplay.runs/impl_1/runme.log
reset_run synth_1
launch_runs impl_1 -to_step write_bitstream -jobs 8
[Wed Mar  1 15:26:44 2023] Launched synth_1...
Run output will be captured here: C:/Users/eugen/OneDrive - National University of Singapore/Y2S2/EE2026/Project/MouseAudioDisplay.xpr/MouseAudioDisplay/MouseAudioDisplay.runs/synth_1/runme.log
[Wed Mar  1 15:26:44 2023] Launched impl_1...
Run output will be captured here: C:/Users/eugen/OneDrive - National University of Singapore/Y2S2/EE2026/Project/MouseAudioDisplay.xpr/MouseAudioDisplay/MouseAudioDisplay.runs/impl_1/runme.log
synth_design -rtl -name rtl_1
Command: synth_design -rtl -name rtl_1
Starting synth_design
Using part: xc7a35tcpg236-1
Top: Top_Student
---------------------------------------------------------------------------------
Starting RTL Elaboration : Time (s): cpu = 00:00:01 ; elapsed = 00:00:02 . Memory (MB): peak = 999.336 ; gain = 89.977
---------------------------------------------------------------------------------
INFO: [Synth 8-6157] synthesizing module 'Top_Student' [C:/Users/eugen/OneDrive - National University of Singapore/Y2S2/EE2026/Project/MouseAudioDisplay.xpr/MouseAudioDisplay/MouseAudioDisplay.srcs/sources_1/new/Top_Student.v:14]
INFO: [Synth 8-6157] synthesizing module 'twentyKHz' [C:/Users/eugen/OneDrive - National University of Singapore/Y2S2/EE2026/Project/MouseAudioDisplay.xpr/MouseAudioDisplay/MouseAudioDisplay.srcs/sources_1/new/twentyKHz.v:1]
INFO: [Synth 8-6155] done synthesizing module 'twentyKHz' (1#1) [C:/Users/eugen/OneDrive - National University of Singapore/Y2S2/EE2026/Project/MouseAudioDisplay.xpr/MouseAudioDisplay/MouseAudioDisplay.srcs/sources_1/new/twentyKHz.v:1]
INFO: [Synth 8-6157] synthesizing module 'Oled_Display' [C:/Users/eugen/OneDrive - National University of Singapore/Y2S2/EE2026/Project/MouseAudioDisplay.xpr/MouseAudioDisplay/MouseAudioDisplay.srcs/sources_1/imports/Desktop/Oled_Display.v:36]
	Parameter Width bound to: 96 - type: integer 
	Parameter Height bound to: 64 - type: integer 
	Parameter PixelCount bound to: 6144 - type: integer 
	Parameter PixelCountWidth bound to: 13 - type: integer 
	Parameter ClkFreq bound to: 6250000 - type: integer 
	Parameter FrameFreq bound to: 60 - type: integer 
	Parameter FrameDiv bound to: 104166 - type: integer 
	Parameter FrameDivWidth bound to: 17 - type: integer 
	Parameter PowerDelay bound to: 20 - type: integer 
	Parameter ResetDelay bound to: 3 - type: integer 
	Parameter VccEnDelay bound to: 20 - type: integer 
	Parameter StartupCompleteDelay bound to: 100 - type: integer 
	Parameter MaxDelay bound to: 100 - type: integer 
	Parameter MaxDelayCount bound to: 625000 - type: integer 
	Parameter StateCount bound to: 32 - type: integer 
	Parameter StateWidth bound to: 5 - type: integer 
	Parameter PowerUp bound to: 5'b00000 
	Parameter Reset bound to: 5'b00001 
	Parameter ReleaseReset bound to: 5'b00011 
	Parameter EnableDriver bound to: 5'b00010 
	Parameter DisplayOff bound to: 5'b00110 
	Parameter SetRemapDisplayFormat bound to: 5'b00111 
	Parameter SetStartLine bound to: 5'b00101 
	Parameter SetOffset bound to: 5'b00100 
	Parameter SetNormalDisplay bound to: 5'b01100 
	Parameter SetMultiplexRatio bound to: 5'b01101 
	Parameter SetMasterConfiguration bound to: 5'b01111 
	Parameter DisablePowerSave bound to: 5'b01110 
	Parameter SetPhaseAdjust bound to: 5'b01010 
	Parameter SetDisplayClock bound to: 5'b01011 
	Parameter SetSecondPrechargeA bound to: 5'b01001 
	Parameter SetSecondPrechargeB bound to: 5'b01000 
	Parameter SetSecondPrechargeC bound to: 5'b11000 
	Parameter SetPrechargeLevel bound to: 5'b11001 
	Parameter SetVCOMH bound to: 5'b11011 
	Parameter SetMasterCurrent bound to: 5'b11010 
	Parameter SetContrastA bound to: 5'b11110 
	Parameter SetContrastB bound to: 5'b11111 
	Parameter SetContrastC bound to: 5'b11101 
	Parameter DisableScrolling bound to: 5'b11100 
	Parameter ClearScreen bound to: 5'b10100 
	Parameter VccEn bound to: 5'b10101 
	Parameter DisplayOn bound to: 5'b10111 
	Parameter PrepareNextFrame bound to: 5'b10110 
	Parameter SetColAddress bound to: 5'b10010 
	Parameter SetRowAddress bound to: 5'b10011 
	Parameter WaitNextFrame bound to: 5'b10001 
	Parameter SendPixel bound to: 5'b10000 
	Parameter SpiCommandMaxWidth bound to: 40 - type: integer 
	Parameter SpiCommandBitCountWidth bound to: 6 - type: integer 
INFO: [Synth 8-226] default block is never used [C:/Users/eugen/OneDrive - National University of Singapore/Y2S2/EE2026/Project/MouseAudioDisplay.xpr/MouseAudioDisplay/MouseAudioDisplay.srcs/sources_1/imports/Desktop/Oled_Display.v:123]
INFO: [Synth 8-226] default block is never used [C:/Users/eugen/OneDrive - National University of Singapore/Y2S2/EE2026/Project/MouseAudioDisplay.xpr/MouseAudioDisplay/MouseAudioDisplay.srcs/sources_1/imports/Desktop/Oled_Display.v:198]
WARNING: [Synth 8-693] zero replication count - replication ignored [C:/Users/eugen/OneDrive - National University of Singapore/Y2S2/EE2026/Project/MouseAudioDisplay.xpr/MouseAudioDisplay/MouseAudioDisplay.srcs/sources_1/imports/Desktop/Oled_Display.v:346]
INFO: [Synth 8-6155] done synthesizing module 'Oled_Display' (2#1) [C:/Users/eugen/OneDrive - National University of Singapore/Y2S2/EE2026/Project/MouseAudioDisplay.xpr/MouseAudioDisplay/MouseAudioDisplay.srcs/sources_1/imports/Desktop/Oled_Display.v:36]
WARNING: [Synth 8-689] width (1) of port connection 'pixel_index' does not match port width (13) of module 'Oled_Display' [C:/Users/eugen/OneDrive - National University of Singapore/Y2S2/EE2026/Project/MouseAudioDisplay.xpr/MouseAudioDisplay/MouseAudioDisplay.srcs/sources_1/new/Top_Student.v:26]
ERROR: [Synth 8-685] variable 'JA' should not be used in output port connection [C:/Users/eugen/OneDrive - National University of Singapore/Y2S2/EE2026/Project/MouseAudioDisplay.xpr/MouseAudioDisplay/MouseAudioDisplay.srcs/sources_1/new/Top_Student.v:27]
ERROR: [Synth 8-6156] failed synthesizing module 'Top_Student' [C:/Users/eugen/OneDrive - National University of Singapore/Y2S2/EE2026/Project/MouseAudioDisplay.xpr/MouseAudioDisplay/MouseAudioDisplay.srcs/sources_1/new/Top_Student.v:14]
---------------------------------------------------------------------------------
Finished RTL Elaboration : Time (s): cpu = 00:00:02 ; elapsed = 00:00:02 . Memory (MB): peak = 1042.492 ; gain = 133.133
---------------------------------------------------------------------------------
RTL Elaboration failed
7 Infos, 2 Warnings, 0 Critical Warnings and 3 Errors encountered.
synth_design failed
ERROR: [Vivado_Tcl 4-5] Elaboration failed - please see the console for details
reset_run synth_1
launch_runs impl_1 -to_step write_bitstream -jobs 8
[Wed Mar  1 15:29:23 2023] Launched synth_1...
Run output will be captured here: C:/Users/eugen/OneDrive - National University of Singapore/Y2S2/EE2026/Project/MouseAudioDisplay.xpr/MouseAudioDisplay/MouseAudioDisplay.runs/synth_1/runme.log
[Wed Mar  1 15:29:23 2023] Launched impl_1...
Run output will be captured here: C:/Users/eugen/OneDrive - National University of Singapore/Y2S2/EE2026/Project/MouseAudioDisplay.xpr/MouseAudioDisplay/MouseAudioDisplay.runs/impl_1/runme.log
reset_run synth_1
launch_runs impl_1 -to_step write_bitstream -jobs 8
[Wed Mar  1 15:30:44 2023] Launched synth_1...
Run output will be captured here: C:/Users/eugen/OneDrive - National University of Singapore/Y2S2/EE2026/Project/MouseAudioDisplay.xpr/MouseAudioDisplay/MouseAudioDisplay.runs/synth_1/runme.log
[Wed Mar  1 15:30:44 2023] Launched impl_1...
Run output will be captured here: C:/Users/eugen/OneDrive - National University of Singapore/Y2S2/EE2026/Project/MouseAudioDisplay.xpr/MouseAudioDisplay/MouseAudioDisplay.runs/impl_1/runme.log
reset_run synth_1
launch_runs impl_1 -to_step write_bitstream -jobs 8
[Wed Mar  1 15:31:26 2023] Launched synth_1...
Run output will be captured here: C:/Users/eugen/OneDrive - National University of Singapore/Y2S2/EE2026/Project/MouseAudioDisplay.xpr/MouseAudioDisplay/MouseAudioDisplay.runs/synth_1/runme.log
[Wed Mar  1 15:31:27 2023] Launched impl_1...
Run output will be captured here: C:/Users/eugen/OneDrive - National University of Singapore/Y2S2/EE2026/Project/MouseAudioDisplay.xpr/MouseAudioDisplay/MouseAudioDisplay.runs/impl_1/runme.log
reset_run synth_1
launch_runs impl_1 -to_step write_bitstream -jobs 8
[Wed Mar  1 15:35:45 2023] Launched synth_1...
Run output will be captured here: C:/Users/eugen/OneDrive - National University of Singapore/Y2S2/EE2026/Project/MouseAudioDisplay.xpr/MouseAudioDisplay/MouseAudioDisplay.runs/synth_1/runme.log
[Wed Mar  1 15:35:45 2023] Launched impl_1...
Run output will be captured here: C:/Users/eugen/OneDrive - National University of Singapore/Y2S2/EE2026/Project/MouseAudioDisplay.xpr/MouseAudioDisplay/MouseAudioDisplay.runs/impl_1/runme.log
reset_run synth_1
launch_runs impl_1 -to_step write_bitstream -jobs 8
[Wed Mar  1 15:38:02 2023] Launched synth_1...
Run output will be captured here: C:/Users/eugen/OneDrive - National University of Singapore/Y2S2/EE2026/Project/MouseAudioDisplay.xpr/MouseAudioDisplay/MouseAudioDisplay.runs/synth_1/runme.log
[Wed Mar  1 15:38:02 2023] Launched impl_1...
Run output will be captured here: C:/Users/eugen/OneDrive - National University of Singapore/Y2S2/EE2026/Project/MouseAudioDisplay.xpr/MouseAudioDisplay/MouseAudioDisplay.runs/impl_1/runme.log
open_hw
connect_hw_server
INFO: [Labtools 27-2285] Connecting to hw_server url TCP:localhost:3121
INFO: [Labtools 27-2222] Launching hw_server...
INFO: [Labtools 27-2221] Launch Output:

****** Xilinx hw_server v2018.2
  **** Build date : Jun 14 2018-20:42:52
    ** Copyright 1986-2018 Xilinx, Inc. All Rights Reserved.


open_hw_target
INFO: [Labtoolstcl 44-466] Opening hw_target localhost:3121/xilinx_tcf/Digilent/210183713879A
set_property PROGRAM.FILE {C:/Users/eugen/OneDrive - National University of Singapore/Y2S2/EE2026/Project/MouseAudioDisplay.xpr/MouseAudioDisplay/MouseAudioDisplay.runs/impl_1/Top_Student.bit} [get_hw_devices xc7a35t_0]
current_hw_device [get_hw_devices xc7a35t_0]
refresh_hw_device -update_hw_probes false [lindex [get_hw_devices xc7a35t_0] 0]
INFO: [Labtools 27-1434] Device xc7a35t (JTAG device index = 0) is programmed with a design that has no supported debug core(s) in it.
WARNING: [Labtools 27-3361] The debug hub core was not detected.
Resolution: 
1. Make sure the clock connected to the debug hub (dbg_hub) core is a free running clock and is active.
2. Make sure the BSCAN_SWITCH_USER_MASK device property in Vivado Hardware Manager reflects the user scan chain setting in the design and refresh the device.  To determine the user scan chain setting in the design, open the implemented design and use 'get_property C_USER_SCAN_CHAIN [get_debug_cores dbg_hub]'.
For more details on setting the scan chain property, consult the Vivado Debug and Programming User Guide (UG908).
set_property PROBES.FILE {} [get_hw_devices xc7a35t_0]
set_property FULL_PROBES.FILE {} [get_hw_devices xc7a35t_0]
set_property PROGRAM.FILE {C:/Users/eugen/OneDrive - National University of Singapore/Y2S2/EE2026/Project/MouseAudioDisplay.xpr/MouseAudioDisplay/MouseAudioDisplay.runs/impl_1/Top_Student.bit} [get_hw_devices xc7a35t_0]
program_hw_devices [get_hw_devices xc7a35t_0]
INFO: [Labtools 27-3164] End of startup status: HIGH
refresh_hw_device [lindex [get_hw_devices xc7a35t_0] 0]
INFO: [Labtools 27-1434] Device xc7a35t (JTAG device index = 0) is programmed with a design that has no supported debug core(s) in it.
WARNING: [Labtools 27-3361] The debug hub core was not detected.
Resolution: 
1. Make sure the clock connected to the debug hub (dbg_hub) core is a free running clock and is active.
2. Make sure the BSCAN_SWITCH_USER_MASK device property in Vivado Hardware Manager reflects the user scan chain setting in the design and refresh the device.  To determine the user scan chain setting in the design, open the implemented design and use 'get_property C_USER_SCAN_CHAIN [get_debug_cores dbg_hub]'.
For more details on setting the scan chain property, consult the Vivado Debug and Programming User Guide (UG908).
close_hw
reset_run synth_1
launch_runs impl_1 -to_step write_bitstream -jobs 8
[Wed Mar  1 15:45:38 2023] Launched synth_1...
Run output will be captured here: C:/Users/eugen/OneDrive - National University of Singapore/Y2S2/EE2026/Project/MouseAudioDisplay.xpr/MouseAudioDisplay/MouseAudioDisplay.runs/synth_1/runme.log
[Wed Mar  1 15:45:38 2023] Launched impl_1...
Run output will be captured here: C:/Users/eugen/OneDrive - National University of Singapore/Y2S2/EE2026/Project/MouseAudioDisplay.xpr/MouseAudioDisplay/MouseAudioDisplay.runs/impl_1/runme.log
open_hw
connect_hw_server
INFO: [Labtools 27-2285] Connecting to hw_server url TCP:localhost:3121
INFO: [Labtools 27-2222] Launching hw_server...
INFO: [Labtools 27-2221] Launch Output:

****** Xilinx hw_server v2018.2
  **** Build date : Jun 14 2018-20:42:52
    ** Copyright 1986-2018 Xilinx, Inc. All Rights Reserved.


open_hw_target
INFO: [Labtoolstcl 44-466] Opening hw_target localhost:3121/xilinx_tcf/Digilent/210183713879A
set_property PROGRAM.FILE {C:/Users/eugen/OneDrive - National University of Singapore/Y2S2/EE2026/Project/MouseAudioDisplay.xpr/MouseAudioDisplay/MouseAudioDisplay.runs/impl_1/Top_Student.bit} [get_hw_devices xc7a35t_0]
current_hw_device [get_hw_devices xc7a35t_0]
refresh_hw_device -update_hw_probes false [lindex [get_hw_devices xc7a35t_0] 0]
INFO: [Labtools 27-1434] Device xc7a35t (JTAG device index = 0) is programmed with a design that has no supported debug core(s) in it.
WARNING: [Labtools 27-3361] The debug hub core was not detected.
Resolution: 
1. Make sure the clock connected to the debug hub (dbg_hub) core is a free running clock and is active.
2. Make sure the BSCAN_SWITCH_USER_MASK device property in Vivado Hardware Manager reflects the user scan chain setting in the design and refresh the device.  To determine the user scan chain setting in the design, open the implemented design and use 'get_property C_USER_SCAN_CHAIN [get_debug_cores dbg_hub]'.
For more details on setting the scan chain property, consult the Vivado Debug and Programming User Guide (UG908).
set_property PROBES.FILE {} [get_hw_devices xc7a35t_0]
set_property FULL_PROBES.FILE {} [get_hw_devices xc7a35t_0]
set_property PROGRAM.FILE {C:/Users/eugen/OneDrive - National University of Singapore/Y2S2/EE2026/Project/MouseAudioDisplay.xpr/MouseAudioDisplay/MouseAudioDisplay.runs/impl_1/Top_Student.bit} [get_hw_devices xc7a35t_0]
program_hw_devices [get_hw_devices xc7a35t_0]
INFO: [Labtools 27-3164] End of startup status: HIGH
refresh_hw_device [lindex [get_hw_devices xc7a35t_0] 0]
INFO: [Labtools 27-1434] Device xc7a35t (JTAG device index = 0) is programmed with a design that has no supported debug core(s) in it.
WARNING: [Labtools 27-3361] The debug hub core was not detected.
Resolution: 
1. Make sure the clock connected to the debug hub (dbg_hub) core is a free running clock and is active.
2. Make sure the BSCAN_SWITCH_USER_MASK device property in Vivado Hardware Manager reflects the user scan chain setting in the design and refresh the device.  To determine the user scan chain setting in the design, open the implemented design and use 'get_property C_USER_SCAN_CHAIN [get_debug_cores dbg_hub]'.
For more details on setting the scan chain property, consult the Vivado Debug and Programming User Guide (UG908).
update_compile_order -fileset sources_1
reset_run synth_1
update_compile_order -fileset sources_1
launch_runs impl_1 -to_step write_bitstream -jobs 8
[Wed Mar  1 15:59:38 2023] Launched synth_1...
Run output will be captured here: C:/Users/eugen/OneDrive - National University of Singapore/Y2S2/EE2026/Project/MouseAudioDisplay.xpr/MouseAudioDisplay/MouseAudioDisplay.runs/synth_1/runme.log
[Wed Mar  1 15:59:38 2023] Launched impl_1...
Run output will be captured here: C:/Users/eugen/OneDrive - National University of Singapore/Y2S2/EE2026/Project/MouseAudioDisplay.xpr/MouseAudioDisplay/MouseAudioDisplay.runs/impl_1/runme.log
reset_run synth_1
launch_runs impl_1 -to_step write_bitstream -jobs 8
[Wed Mar  1 16:01:36 2023] Launched synth_1...
Run output will be captured here: C:/Users/eugen/OneDrive - National University of Singapore/Y2S2/EE2026/Project/MouseAudioDisplay.xpr/MouseAudioDisplay/MouseAudioDisplay.runs/synth_1/runme.log
[Wed Mar  1 16:01:36 2023] Launched impl_1...
Run output will be captured here: C:/Users/eugen/OneDrive - National University of Singapore/Y2S2/EE2026/Project/MouseAudioDisplay.xpr/MouseAudioDisplay/MouseAudioDisplay.runs/impl_1/runme.log
set_property PROBES.FILE {} [get_hw_devices xc7a35t_0]
set_property FULL_PROBES.FILE {} [get_hw_devices xc7a35t_0]
set_property PROGRAM.FILE {C:/Users/eugen/OneDrive - National University of Singapore/Y2S2/EE2026/Project/MouseAudioDisplay.xpr/MouseAudioDisplay/MouseAudioDisplay.runs/impl_1/Top_Student.bit} [get_hw_devices xc7a35t_0]
program_hw_devices [get_hw_devices xc7a35t_0]
INFO: [Labtools 27-3164] End of startup status: HIGH
refresh_hw_device [lindex [get_hw_devices xc7a35t_0] 0]
INFO: [Labtools 27-1434] Device xc7a35t (JTAG device index = 0) is programmed with a design that has no supported debug core(s) in it.
WARNING: [Labtools 27-3361] The debug hub core was not detected.
Resolution: 
1. Make sure the clock connected to the debug hub (dbg_hub) core is a free running clock and is active.
2. Make sure the BSCAN_SWITCH_USER_MASK device property in Vivado Hardware Manager reflects the user scan chain setting in the design and refresh the device.  To determine the user scan chain setting in the design, open the implemented design and use 'get_property C_USER_SCAN_CHAIN [get_debug_cores dbg_hub]'.
For more details on setting the scan chain property, consult the Vivado Debug and Programming User Guide (UG908).
reset_run synth_1
launch_runs impl_1 -to_step write_bitstream -jobs 8
[Wed Mar  1 16:07:26 2023] Launched synth_1...
Run output will be captured here: C:/Users/eugen/OneDrive - National University of Singapore/Y2S2/EE2026/Project/MouseAudioDisplay.xpr/MouseAudioDisplay/MouseAudioDisplay.runs/synth_1/runme.log
[Wed Mar  1 16:07:26 2023] Launched impl_1...
Run output will be captured here: C:/Users/eugen/OneDrive - National University of Singapore/Y2S2/EE2026/Project/MouseAudioDisplay.xpr/MouseAudioDisplay/MouseAudioDisplay.runs/impl_1/runme.log
reset_run synth_1
ERROR: [Labtoolstcl 44-513] HW Target shutdown. Closing target: localhost:3121/xilinx_tcf/Digilent/210183713879A
INFO: [Labtoolstcl 44-466] Opening hw_target localhost:3121/xilinx_tcf/Digilent/210183713879A
INFO: [Labtools 27-1434] Device xc7a35t (JTAG device index = 0) is programmed with a design that has no supported debug core(s) in it.
WARNING: [Labtools 27-3361] The debug hub core was not detected.
Resolution: 
1. Make sure the clock connected to the debug hub (dbg_hub) core is a free running clock and is active.
2. Make sure the BSCAN_SWITCH_USER_MASK device property in Vivado Hardware Manager reflects the user scan chain setting in the design and refresh the device.  To determine the user scan chain setting in the design, open the implemented design and use 'get_property C_USER_SCAN_CHAIN [get_debug_cores dbg_hub]'.
For more details on setting the scan chain property, consult the Vivado Debug and Programming User Guide (UG908).
WARNING: [Labtoolstcl 44-129] No matching hw_ila_data was found.
synth_design -rtl -name rtl_1
Command: synth_design -rtl -name rtl_1
Starting synth_design
Using part: xc7a35tcpg236-1
Top: Top_Student
ERROR: [Synth 8-2576] procedural assignment to a non-register pixel_index is not permitted [C:/Users/eugen/OneDrive - National University of Singapore/Y2S2/EE2026/Project/MouseAudioDisplay.xpr/MouseAudioDisplay/MouseAudioDisplay.srcs/sources_1/new/Top_Student.v:33]
INFO: [Synth 8-2350] module Top_Student ignored due to previous errors [C:/Users/eugen/OneDrive - National University of Singapore/Y2S2/EE2026/Project/MouseAudioDisplay.xpr/MouseAudioDisplay/MouseAudioDisplay.srcs/sources_1/new/Top_Student.v:14]
Failed to read verilog 'C:/Users/eugen/OneDrive - National University of Singapore/Y2S2/EE2026/Project/MouseAudioDisplay.xpr/MouseAudioDisplay/MouseAudioDisplay.srcs/sources_1/new/Top_Student.v'
1 Infos, 0 Warnings, 0 Critical Warnings and 2 Errors encountered.
synth_design failed
ERROR: [Vivado_Tcl 4-5] Elaboration failed - please see the console for details
synth_design -rtl -name rtl_1
Command: synth_design -rtl -name rtl_1
Starting synth_design
Using part: xc7a35tcpg236-1
Top: Top_Student
---------------------------------------------------------------------------------
Starting RTL Elaboration : Time (s): cpu = 00:00:02 ; elapsed = 00:00:02 . Memory (MB): peak = 1726.895 ; gain = 4.238
---------------------------------------------------------------------------------
INFO: [Synth 8-6157] synthesizing module 'Top_Student' [C:/Users/eugen/OneDrive - National University of Singapore/Y2S2/EE2026/Project/MouseAudioDisplay.xpr/MouseAudioDisplay/MouseAudioDisplay.srcs/sources_1/new/Top_Student.v:14]
INFO: [Synth 8-6157] synthesizing module 'twentyKHz' [C:/Users/eugen/OneDrive - National University of Singapore/Y2S2/EE2026/Project/MouseAudioDisplay.xpr/MouseAudioDisplay/MouseAudioDisplay.srcs/sources_1/new/twentyKHz.v:1]
INFO: [Synth 8-6155] done synthesizing module 'twentyKHz' (1#1) [C:/Users/eugen/OneDrive - National University of Singapore/Y2S2/EE2026/Project/MouseAudioDisplay.xpr/MouseAudioDisplay/MouseAudioDisplay.srcs/sources_1/new/twentyKHz.v:1]
INFO: [Synth 8-6157] synthesizing module 'Oled_Display' [C:/Users/eugen/OneDrive - National University of Singapore/Y2S2/EE2026/Project/MouseAudioDisplay.xpr/MouseAudioDisplay/MouseAudioDisplay.srcs/sources_1/imports/Desktop/Oled_Display.v:36]
	Parameter Width bound to: 96 - type: integer 
	Parameter Height bound to: 64 - type: integer 
	Parameter PixelCount bound to: 6144 - type: integer 
	Parameter PixelCountWidth bound to: 13 - type: integer 
	Parameter ClkFreq bound to: 6250000 - type: integer 
	Parameter FrameFreq bound to: 60 - type: integer 
	Parameter FrameDiv bound to: 104166 - type: integer 
	Parameter FrameDivWidth bound to: 17 - type: integer 
	Parameter PowerDelay bound to: 20 - type: integer 
	Parameter ResetDelay bound to: 3 - type: integer 
	Parameter VccEnDelay bound to: 20 - type: integer 
	Parameter StartupCompleteDelay bound to: 100 - type: integer 
	Parameter MaxDelay bound to: 100 - type: integer 
	Parameter MaxDelayCount bound to: 625000 - type: integer 
	Parameter StateCount bound to: 32 - type: integer 
	Parameter StateWidth bound to: 5 - type: integer 
	Parameter PowerUp bound to: 5'b00000 
	Parameter Reset bound to: 5'b00001 
	Parameter ReleaseReset bound to: 5'b00011 
	Parameter EnableDriver bound to: 5'b00010 
	Parameter DisplayOff bound to: 5'b00110 
	Parameter SetRemapDisplayFormat bound to: 5'b00111 
	Parameter SetStartLine bound to: 5'b00101 
	Parameter SetOffset bound to: 5'b00100 
	Parameter SetNormalDisplay bound to: 5'b01100 
	Parameter SetMultiplexRatio bound to: 5'b01101 
	Parameter SetMasterConfiguration bound to: 5'b01111 
	Parameter DisablePowerSave bound to: 5'b01110 
	Parameter SetPhaseAdjust bound to: 5'b01010 
	Parameter SetDisplayClock bound to: 5'b01011 
	Parameter SetSecondPrechargeA bound to: 5'b01001 
	Parameter SetSecondPrechargeB bound to: 5'b01000 
	Parameter SetSecondPrechargeC bound to: 5'b11000 
	Parameter SetPrechargeLevel bound to: 5'b11001 
	Parameter SetVCOMH bound to: 5'b11011 
	Parameter SetMasterCurrent bound to: 5'b11010 
	Parameter SetContrastA bound to: 5'b11110 
	Parameter SetContrastB bound to: 5'b11111 
	Parameter SetContrastC bound to: 5'b11101 
	Parameter DisableScrolling bound to: 5'b11100 
	Parameter ClearScreen bound to: 5'b10100 
	Parameter VccEn bound to: 5'b10101 
	Parameter DisplayOn bound to: 5'b10111 
	Parameter PrepareNextFrame bound to: 5'b10110 
	Parameter SetColAddress bound to: 5'b10010 
	Parameter SetRowAddress bound to: 5'b10011 
	Parameter WaitNextFrame bound to: 5'b10001 
	Parameter SendPixel bound to: 5'b10000 
	Parameter SpiCommandMaxWidth bound to: 40 - type: integer 
	Parameter SpiCommandBitCountWidth bound to: 6 - type: integer 
INFO: [Synth 8-226] default block is never used [C:/Users/eugen/OneDrive - National University of Singapore/Y2S2/EE2026/Project/MouseAudioDisplay.xpr/MouseAudioDisplay/MouseAudioDisplay.srcs/sources_1/imports/Desktop/Oled_Display.v:123]
INFO: [Synth 8-226] default block is never used [C:/Users/eugen/OneDrive - National University of Singapore/Y2S2/EE2026/Project/MouseAudioDisplay.xpr/MouseAudioDisplay/MouseAudioDisplay.srcs/sources_1/imports/Desktop/Oled_Display.v:198]
WARNING: [Synth 8-693] zero replication count - replication ignored [C:/Users/eugen/OneDrive - National University of Singapore/Y2S2/EE2026/Project/MouseAudioDisplay.xpr/MouseAudioDisplay/MouseAudioDisplay.srcs/sources_1/imports/Desktop/Oled_Display.v:346]
INFO: [Synth 8-6155] done synthesizing module 'Oled_Display' (2#1) [C:/Users/eugen/OneDrive - National University of Singapore/Y2S2/EE2026/Project/MouseAudioDisplay.xpr/MouseAudioDisplay/MouseAudioDisplay.srcs/sources_1/imports/Desktop/Oled_Display.v:36]
WARNING: [Synth 8-567] referenced signal 'sw' should be on the sensitivity list [C:/Users/eugen/OneDrive - National University of Singapore/Y2S2/EE2026/Project/MouseAudioDisplay.xpr/MouseAudioDisplay/MouseAudioDisplay.srcs/sources_1/new/Top_Student.v:30]
INFO: [Synth 8-6155] done synthesizing module 'Top_Student' (3#1) [C:/Users/eugen/OneDrive - National University of Singapore/Y2S2/EE2026/Project/MouseAudioDisplay.xpr/MouseAudioDisplay/MouseAudioDisplay.srcs/sources_1/new/Top_Student.v:14]
---------------------------------------------------------------------------------
Finished RTL Elaboration : Time (s): cpu = 00:00:02 ; elapsed = 00:00:02 . Memory (MB): peak = 1767.184 ; gain = 44.527
---------------------------------------------------------------------------------

Report Check Netlist: 
+------+------------------+-------+---------+-------+------------------+
|      |Item              |Errors |Warnings |Status |Description       |
+------+------------------+-------+---------+-------+------------------+
|1     |multi_driven_nets |      0|        0|Passed |Multi driven nets |
+------+------------------+-------+---------+-------+------------------+
---------------------------------------------------------------------------------
Start Handling Custom Attributes
---------------------------------------------------------------------------------
---------------------------------------------------------------------------------
Finished Handling Custom Attributes : Time (s): cpu = 00:00:02 ; elapsed = 00:00:02 . Memory (MB): peak = 1767.184 ; gain = 44.527
---------------------------------------------------------------------------------
---------------------------------------------------------------------------------
Finished RTL Optimization Phase 1 : Time (s): cpu = 00:00:02 ; elapsed = 00:00:02 . Memory (MB): peak = 1767.184 ; gain = 44.527
---------------------------------------------------------------------------------
INFO: [Device 21-403] Loading part xc7a35tcpg236-1
INFO: [Project 1-570] Preparing netlist for logic optimization

Processing XDC Constraints
Initializing timing engine
Parsing XDC File [C:/Users/eugen/OneDrive - National University of Singapore/Y2S2/EE2026/Project/MouseAudioDisplay.xpr/MouseAudioDisplay/MouseAudioDisplay.srcs/constrs_1/new/Basys3_Master.xdc]
Finished Parsing XDC File [C:/Users/eugen/OneDrive - National University of Singapore/Y2S2/EE2026/Project/MouseAudioDisplay.xpr/MouseAudioDisplay/MouseAudioDisplay.srcs/constrs_1/new/Basys3_Master.xdc]
Completed Processing XDC Constraints

INFO: [Opt 31-138] Pushed 0 inverter(s) to 0 load pin(s).
INFO: [Project 1-111] Unisim Transformation Summary:
No Unisim elements were transformed.

RTL Elaboration Complete:  : Time (s): cpu = 00:00:13 ; elapsed = 00:00:15 . Memory (MB): peak = 2173.895 ; gain = 451.238
12 Infos, 2 Warnings, 0 Critical Warnings and 0 Errors encountered.
synth_design completed successfully
synth_design: Time (s): cpu = 00:00:13 ; elapsed = 00:00:16 . Memory (MB): peak = 2173.895 ; gain = 451.332
launch_runs impl_1 -to_step write_bitstream -jobs 8
[Wed Mar  1 16:12:40 2023] Launched synth_1...
Run output will be captured here: C:/Users/eugen/OneDrive - National University of Singapore/Y2S2/EE2026/Project/MouseAudioDisplay.xpr/MouseAudioDisplay/MouseAudioDisplay.runs/synth_1/runme.log
[Wed Mar  1 16:12:40 2023] Launched impl_1...
Run output will be captured here: C:/Users/eugen/OneDrive - National University of Singapore/Y2S2/EE2026/Project/MouseAudioDisplay.xpr/MouseAudioDisplay/MouseAudioDisplay.runs/impl_1/runme.log
set_property PROBES.FILE {} [get_hw_devices xc7a35t_0]
set_property FULL_PROBES.FILE {} [get_hw_devices xc7a35t_0]
set_property PROGRAM.FILE {C:/Users/eugen/OneDrive - National University of Singapore/Y2S2/EE2026/Project/MouseAudioDisplay.xpr/MouseAudioDisplay/MouseAudioDisplay.runs/impl_1/Top_Student.bit} [get_hw_devices xc7a35t_0]
program_hw_devices [get_hw_devices xc7a35t_0]
INFO: [Labtools 27-3164] End of startup status: HIGH
refresh_hw_device [lindex [get_hw_devices xc7a35t_0] 0]
INFO: [Labtools 27-1434] Device xc7a35t (JTAG device index = 0) is programmed with a design that has no supported debug core(s) in it.
WARNING: [Labtools 27-3361] The debug hub core was not detected.
Resolution: 
1. Make sure the clock connected to the debug hub (dbg_hub) core is a free running clock and is active.
2. Make sure the BSCAN_SWITCH_USER_MASK device property in Vivado Hardware Manager reflects the user scan chain setting in the design and refresh the device.  To determine the user scan chain setting in the design, open the implemented design and use 'get_property C_USER_SCAN_CHAIN [get_debug_cores dbg_hub]'.
For more details on setting the scan chain property, consult the Vivado Debug and Programming User Guide (UG908).
close_hw
reset_run synth_1
launch_runs impl_1 -to_step write_bitstream -jobs 8
[Wed Mar  1 16:34:57 2023] Launched synth_1...
Run output will be captured here: C:/Users/eugen/OneDrive - National University of Singapore/Y2S2/EE2026/Project/MouseAudioDisplay.xpr/MouseAudioDisplay/MouseAudioDisplay.runs/synth_1/runme.log
[Wed Mar  1 16:34:58 2023] Launched impl_1...
Run output will be captured here: C:/Users/eugen/OneDrive - National University of Singapore/Y2S2/EE2026/Project/MouseAudioDisplay.xpr/MouseAudioDisplay/MouseAudioDisplay.runs/impl_1/runme.log
open_hw
connect_hw_server
INFO: [Labtools 27-2285] Connecting to hw_server url TCP:localhost:3121
INFO: [Labtools 27-2222] Launching hw_server...
INFO: [Labtools 27-2221] Launch Output:

****** Xilinx hw_server v2018.2
  **** Build date : Jun 14 2018-20:42:52
    ** Copyright 1986-2018 Xilinx, Inc. All Rights Reserved.


disconnect_hw_server localhost:3121
connect_hw_server
INFO: [Labtools 27-2285] Connecting to hw_server url TCP:localhost:3121
open_hw_target
INFO: [Labtoolstcl 44-466] Opening hw_target localhost:3121/xilinx_tcf/Digilent/210183713879A
set_property PROGRAM.FILE {C:/Users/eugen/OneDrive - National University of Singapore/Y2S2/EE2026/Project/MouseAudioDisplay.xpr/MouseAudioDisplay/MouseAudioDisplay.runs/impl_1/Top_Student.bit} [get_hw_devices xc7a35t_0]
current_hw_device [get_hw_devices xc7a35t_0]
refresh_hw_device -update_hw_probes false [lindex [get_hw_devices xc7a35t_0] 0]
INFO: [Labtools 27-1434] Device xc7a35t (JTAG device index = 0) is programmed with a design that has no supported debug core(s) in it.
WARNING: [Labtools 27-3361] The debug hub core was not detected.
Resolution: 
1. Make sure the clock connected to the debug hub (dbg_hub) core is a free running clock and is active.
2. Make sure the BSCAN_SWITCH_USER_MASK device property in Vivado Hardware Manager reflects the user scan chain setting in the design and refresh the device.  To determine the user scan chain setting in the design, open the implemented design and use 'get_property C_USER_SCAN_CHAIN [get_debug_cores dbg_hub]'.
For more details on setting the scan chain property, consult the Vivado Debug and Programming User Guide (UG908).
set_property PROBES.FILE {} [get_hw_devices xc7a35t_0]
set_property FULL_PROBES.FILE {} [get_hw_devices xc7a35t_0]
set_property PROGRAM.FILE {C:/Users/eugen/OneDrive - National University of Singapore/Y2S2/EE2026/Project/MouseAudioDisplay.xpr/MouseAudioDisplay/MouseAudioDisplay.runs/impl_1/Top_Student.bit} [get_hw_devices xc7a35t_0]
program_hw_devices [get_hw_devices xc7a35t_0]
INFO: [Labtools 27-3164] End of startup status: HIGH
refresh_hw_device [lindex [get_hw_devices xc7a35t_0] 0]
INFO: [Labtools 27-1434] Device xc7a35t (JTAG device index = 0) is programmed with a design that has no supported debug core(s) in it.
WARNING: [Labtools 27-3361] The debug hub core was not detected.
Resolution: 
1. Make sure the clock connected to the debug hub (dbg_hub) core is a free running clock and is active.
2. Make sure the BSCAN_SWITCH_USER_MASK device property in Vivado Hardware Manager reflects the user scan chain setting in the design and refresh the device.  To determine the user scan chain setting in the design, open the implemented design and use 'get_property C_USER_SCAN_CHAIN [get_debug_cores dbg_hub]'.
For more details on setting the scan chain property, consult the Vivado Debug and Programming User Guide (UG908).
exit
INFO: [Common 17-206] Exiting Vivado at Wed Mar  1 16:41:04 2023...
