
*** Running vivado
    with args -log segment.vds -m64 -product Vivado -mode batch -messageDb vivado.pb -notrace -source segment.tcl


****** Vivado v2018.2 (64-bit)
  **** SW Build 2258646 on Thu Jun 14 20:02:38 MDT 2018
  **** IP Build 2256618 on Thu Jun 14 22:10:49 MDT 2018
    ** Copyright 1986-2018 Xilinx, Inc. All Rights Reserved.

source segment.tcl -notrace
Command: synth_design -top segment -part xc7a35tcpg236-1
Starting synth_design
Attempting to get a license for feature 'Synthesis' and/or device 'xc7a35t'
INFO: [Common 17-349] Got license for feature 'Synthesis' and/or device 'xc7a35t'
INFO: Launching helper process for spawning children vivado processes
INFO: Helper process launched with PID 158200 
---------------------------------------------------------------------------------
Starting RTL Elaboration : Time (s): cpu = 00:00:01 ; elapsed = 00:00:01 . Memory (MB): peak = 1231.273 ; gain = 78.023 ; free physical = 5904 ; free virtual = 12648
---------------------------------------------------------------------------------
INFO: [Synth 8-6157] synthesizing module 'segment' [/home/mattliu/Desktop/EE2026-Project/MouseAudioDisplay.srcs/sources_1/new/segment.v:23]
INFO: [Synth 8-6157] synthesizing module 'clocks' [/home/mattliu/Desktop/EE2026-Project/MouseAudioDisplay.srcs/sources_1/new/clocks.v:23]
INFO: [Synth 8-6155] done synthesizing module 'clocks' (1#1) [/home/mattliu/Desktop/EE2026-Project/MouseAudioDisplay.srcs/sources_1/new/clocks.v:23]
INFO: [Synth 8-6157] synthesizing module 'ThousandHz' [/home/mattliu/Desktop/EE2026-Project/MouseAudioDisplay.srcs/sources_1/imports/new/ThousandHz.v:23]
WARNING: [Synth 8-6090] variable 'counter' is written by both blocking and non-blocking assignments, entire logic could be removed [/home/mattliu/Desktop/EE2026-Project/MouseAudioDisplay.srcs/sources_1/imports/new/ThousandHz.v:33]
INFO: [Synth 8-6155] done synthesizing module 'ThousandHz' (2#1) [/home/mattliu/Desktop/EE2026-Project/MouseAudioDisplay.srcs/sources_1/imports/new/ThousandHz.v:23]
INFO: [Synth 8-6157] synthesizing module 'Oled_Display' [/home/mattliu/Desktop/EE2026-Project/MouseAudioDisplay.srcs/sources_1/imports/Desktop/Oled_Display.v:36]
	Parameter Width bound to: 96 - type: integer 
	Parameter Height bound to: 64 - type: integer 
	Parameter PixelCount bound to: 6144 - type: integer 
	Parameter PixelCountWidth bound to: 13 - type: integer 
	Parameter ClkFreq bound to: 6250000 - type: integer 
	Parameter FrameFreq bound to: 60 - type: integer 
	Parameter FrameDiv bound to: 104166 - type: integer 
	Parameter FrameDivWidth bound to: 17 - type: integer 
	Parameter PowerDelay bound to: 20 - type: integer 
	Parameter ResetDelay bound to: 3 - type: integer 
	Parameter VccEnDelay bound to: 20 - type: integer 
	Parameter StartupCompleteDelay bound to: 100 - type: integer 
	Parameter MaxDelay bound to: 100 - type: integer 
	Parameter MaxDelayCount bound to: 625000 - type: integer 
	Parameter StateCount bound to: 32 - type: integer 
	Parameter StateWidth bound to: 5 - type: integer 
	Parameter PowerUp bound to: 5'b00000 
	Parameter Reset bound to: 5'b00001 
	Parameter ReleaseReset bound to: 5'b00011 
	Parameter EnableDriver bound to: 5'b00010 
	Parameter DisplayOff bound to: 5'b00110 
	Parameter SetRemapDisplayFormat bound to: 5'b00111 
	Parameter SetStartLine bound to: 5'b00101 
	Parameter SetOffset bound to: 5'b00100 
	Parameter SetNormalDisplay bound to: 5'b01100 
	Parameter SetMultiplexRatio bound to: 5'b01101 
	Parameter SetMasterConfiguration bound to: 5'b01111 
	Parameter DisablePowerSave bound to: 5'b01110 
	Parameter SetPhaseAdjust bound to: 5'b01010 
	Parameter SetDisplayClock bound to: 5'b01011 
	Parameter SetSecondPrechargeA bound to: 5'b01001 
	Parameter SetSecondPrechargeB bound to: 5'b01000 
	Parameter SetSecondPrechargeC bound to: 5'b11000 
	Parameter SetPrechargeLevel bound to: 5'b11001 
	Parameter SetVCOMH bound to: 5'b11011 
	Parameter SetMasterCurrent bound to: 5'b11010 
	Parameter SetContrastA bound to: 5'b11110 
	Parameter SetContrastB bound to: 5'b11111 
	Parameter SetContrastC bound to: 5'b11101 
	Parameter DisableScrolling bound to: 5'b11100 
	Parameter ClearScreen bound to: 5'b10100 
	Parameter VccEn bound to: 5'b10101 
	Parameter DisplayOn bound to: 5'b10111 
	Parameter PrepareNextFrame bound to: 5'b10110 
	Parameter SetColAddress bound to: 5'b10010 
	Parameter SetRowAddress bound to: 5'b10011 
	Parameter WaitNextFrame bound to: 5'b10001 
	Parameter SendPixel bound to: 5'b10000 
	Parameter SpiCommandMaxWidth bound to: 40 - type: integer 
	Parameter SpiCommandBitCountWidth bound to: 6 - type: integer 
INFO: [Synth 8-226] default block is never used [/home/mattliu/Desktop/EE2026-Project/MouseAudioDisplay.srcs/sources_1/imports/Desktop/Oled_Display.v:123]
INFO: [Synth 8-226] default block is never used [/home/mattliu/Desktop/EE2026-Project/MouseAudioDisplay.srcs/sources_1/imports/Desktop/Oled_Display.v:198]
WARNING: [Synth 8-693] zero replication count - replication ignored [/home/mattliu/Desktop/EE2026-Project/MouseAudioDisplay.srcs/sources_1/imports/Desktop/Oled_Display.v:346]
INFO: [Synth 8-6155] done synthesizing module 'Oled_Display' (3#1) [/home/mattliu/Desktop/EE2026-Project/MouseAudioDisplay.srcs/sources_1/imports/Desktop/Oled_Display.v:36]
INFO: [Synth 8-638] synthesizing module 'MouseCtl' [/home/mattliu/Desktop/EE2026-Project/MouseAudioDisplay.srcs/sources_1/imports/Desktop/Mouse_Control.vhd:212]
	Parameter SYSCLK_FREQUENCY_HZ bound to: 100000000 - type: integer 
	Parameter CHECK_PERIOD_MS bound to: 500 - type: integer 
	Parameter TIMEOUT_PERIOD_MS bound to: 100 - type: integer 
INFO: [Synth 8-3491] module 'Ps2Interface' declared at '/home/mattliu/Desktop/EE2026-Project/MouseAudioDisplay.srcs/sources_1/imports/Desktop/Ps2Interface.vhd:156' bound to instance 'Inst_Ps2Interface' of component 'Ps2Interface' [/home/mattliu/Desktop/EE2026-Project/MouseAudioDisplay.srcs/sources_1/imports/Desktop/Mouse_Control.vhd:374]
INFO: [Synth 8-638] synthesizing module 'Ps2Interface' [/home/mattliu/Desktop/EE2026-Project/MouseAudioDisplay.srcs/sources_1/imports/Desktop/Ps2Interface.vhd:184]
INFO: [Synth 8-256] done synthesizing module 'Ps2Interface' (4#1) [/home/mattliu/Desktop/EE2026-Project/MouseAudioDisplay.srcs/sources_1/imports/Desktop/Ps2Interface.vhd:184]
WARNING: [Synth 8-6014] Unused sequential element inc_reg was removed.  [/home/mattliu/Desktop/EE2026-Project/MouseAudioDisplay.srcs/sources_1/imports/Desktop/Mouse_Control.vhd:455]
WARNING: [Synth 8-6014] Unused sequential element x_inter_reg was removed.  [/home/mattliu/Desktop/EE2026-Project/MouseAudioDisplay.srcs/sources_1/imports/Desktop/Mouse_Control.vhd:461]
WARNING: [Synth 8-6014] Unused sequential element inc_reg was removed.  [/home/mattliu/Desktop/EE2026-Project/MouseAudioDisplay.srcs/sources_1/imports/Desktop/Mouse_Control.vhd:519]
WARNING: [Synth 8-6014] Unused sequential element y_inter_reg was removed.  [/home/mattliu/Desktop/EE2026-Project/MouseAudioDisplay.srcs/sources_1/imports/Desktop/Mouse_Control.vhd:525]
INFO: [Synth 8-256] done synthesizing module 'MouseCtl' (5#1) [/home/mattliu/Desktop/EE2026-Project/MouseAudioDisplay.srcs/sources_1/imports/Desktop/Mouse_Control.vhd:212]
INFO: [Synth 8-6157] synthesizing module 'debouncer' [/home/mattliu/Desktop/EE2026-Project/MouseAudioDisplay.srcs/sources_1/imports/new/debouncer.v:23]
INFO: [Synth 8-6155] done synthesizing module 'debouncer' (6#1) [/home/mattliu/Desktop/EE2026-Project/MouseAudioDisplay.srcs/sources_1/imports/new/debouncer.v:23]
INFO: [Synth 8-6157] synthesizing module 'convertXY' [/home/mattliu/Desktop/EE2026-Project/MouseAudioDisplay.srcs/sources_1/new/convertXY.v:23]
INFO: [Synth 8-6155] done synthesizing module 'convertXY' (7#1) [/home/mattliu/Desktop/EE2026-Project/MouseAudioDisplay.srcs/sources_1/new/convertXY.v:23]
INFO: [Synth 8-6157] synthesizing module 'handleClick' [/home/mattliu/Desktop/EE2026-Project/MouseAudioDisplay.srcs/sources_1/new/handleClick.v:23]
INFO: [Synth 8-6155] done synthesizing module 'handleClick' (8#1) [/home/mattliu/Desktop/EE2026-Project/MouseAudioDisplay.srcs/sources_1/new/handleClick.v:23]
INFO: [Synth 8-6157] synthesizing module 'segment_display' [/home/mattliu/Desktop/EE2026-Project/MouseAudioDisplay.srcs/sources_1/new/segment_display.v:23]
WARNING: [Synth 8-567] referenced signal 'y' should be on the sensitivity list [/home/mattliu/Desktop/EE2026-Project/MouseAudioDisplay.srcs/sources_1/new/segment_display.v:35]
WARNING: [Synth 8-567] referenced signal 'x' should be on the sensitivity list [/home/mattliu/Desktop/EE2026-Project/MouseAudioDisplay.srcs/sources_1/new/segment_display.v:35]
INFO: [Synth 8-6155] done synthesizing module 'segment_display' (9#1) [/home/mattliu/Desktop/EE2026-Project/MouseAudioDisplay.srcs/sources_1/new/segment_display.v:23]
INFO: [Synth 8-6157] synthesizing module 'seg_blocks' [/home/mattliu/Desktop/EE2026-Project/MouseAudioDisplay.srcs/sources_1/new/seg_blocks.v:23]
WARNING: [Synth 8-6090] variable 'oled_data' is written by both blocking and non-blocking assignments, entire logic could be removed [/home/mattliu/Desktop/EE2026-Project/MouseAudioDisplay.srcs/sources_1/new/seg_blocks.v:39]
WARNING: [Synth 8-6090] variable 'oled_data' is written by both blocking and non-blocking assignments, entire logic could be removed [/home/mattliu/Desktop/EE2026-Project/MouseAudioDisplay.srcs/sources_1/new/seg_blocks.v:45]
WARNING: [Synth 8-6090] variable 'oled_data' is written by both blocking and non-blocking assignments, entire logic could be removed [/home/mattliu/Desktop/EE2026-Project/MouseAudioDisplay.srcs/sources_1/new/seg_blocks.v:51]
WARNING: [Synth 8-6090] variable 'oled_data' is written by both blocking and non-blocking assignments, entire logic could be removed [/home/mattliu/Desktop/EE2026-Project/MouseAudioDisplay.srcs/sources_1/new/seg_blocks.v:56]
WARNING: [Synth 8-6090] variable 'oled_data' is written by both blocking and non-blocking assignments, entire logic could be removed [/home/mattliu/Desktop/EE2026-Project/MouseAudioDisplay.srcs/sources_1/new/seg_blocks.v:61]
WARNING: [Synth 8-6090] variable 'oled_data' is written by both blocking and non-blocking assignments, entire logic could be removed [/home/mattliu/Desktop/EE2026-Project/MouseAudioDisplay.srcs/sources_1/new/seg_blocks.v:66]
WARNING: [Synth 8-6090] variable 'oled_data' is written by both blocking and non-blocking assignments, entire logic could be removed [/home/mattliu/Desktop/EE2026-Project/MouseAudioDisplay.srcs/sources_1/new/seg_blocks.v:71]
INFO: [Synth 8-6155] done synthesizing module 'seg_blocks' (10#1) [/home/mattliu/Desktop/EE2026-Project/MouseAudioDisplay.srcs/sources_1/new/seg_blocks.v:23]
INFO: [Synth 8-6157] synthesizing module 'mouseDisplay' [/home/mattliu/Desktop/EE2026-Project/MouseAudioDisplay.srcs/sources_1/new/mouseDisplay.v:23]
INFO: [Synth 8-6155] done synthesizing module 'mouseDisplay' (11#1) [/home/mattliu/Desktop/EE2026-Project/MouseAudioDisplay.srcs/sources_1/new/mouseDisplay.v:23]
INFO: [Synth 8-6155] done synthesizing module 'segment' (12#1) [/home/mattliu/Desktop/EE2026-Project/MouseAudioDisplay.srcs/sources_1/new/segment.v:23]
WARNING: [Synth 8-3331] design seg_blocks has unconnected port segment_status[12]
WARNING: [Synth 8-3331] design seg_blocks has unconnected port segment_status[11]
WARNING: [Synth 8-3331] design seg_blocks has unconnected port segment_status[10]
WARNING: [Synth 8-3331] design seg_blocks has unconnected port segment_status[9]
WARNING: [Synth 8-3331] design seg_blocks has unconnected port segment_status[8]
WARNING: [Synth 8-3331] design seg_blocks has unconnected port segment_status[7]
WARNING: [Synth 8-3331] design segment_display has unconnected port CLOCK
WARNING: [Synth 8-3331] design segment has unconnected port sw[6]
WARNING: [Synth 8-3331] design segment has unconnected port sw[5]
WARNING: [Synth 8-3331] design segment has unconnected port sw[4]
WARNING: [Synth 8-3331] design segment has unconnected port sw[3]
WARNING: [Synth 8-3331] design segment has unconnected port sw[2]
WARNING: [Synth 8-3331] design segment has unconnected port sw[1]
WARNING: [Synth 8-3331] design segment has unconnected port sw[0]
---------------------------------------------------------------------------------
Finished RTL Elaboration : Time (s): cpu = 00:00:02 ; elapsed = 00:00:02 . Memory (MB): peak = 1278.898 ; gain = 125.648 ; free physical = 5901 ; free virtual = 12642
---------------------------------------------------------------------------------

Report Check Netlist: 
+------+------------------+-------+---------+-------+------------------+
|      |Item              |Errors |Warnings |Status |Description       |
+------+------------------+-------+---------+-------+------------------+
|1     |multi_driven_nets |      0|        0|Passed |Multi driven nets |
+------+------------------+-------+---------+-------+------------------+
WARNING: [Synth 8-3295] tying undriven pin Mouse:rst to constant 0 [/home/mattliu/Desktop/EE2026-Project/MouseAudioDisplay.srcs/sources_1/new/segment.v:69]
WARNING: [Synth 8-3295] tying undriven pin Mouse:value[11] to constant 0 [/home/mattliu/Desktop/EE2026-Project/MouseAudioDisplay.srcs/sources_1/new/segment.v:69]
WARNING: [Synth 8-3295] tying undriven pin Mouse:value[10] to constant 0 [/home/mattliu/Desktop/EE2026-Project/MouseAudioDisplay.srcs/sources_1/new/segment.v:69]
WARNING: [Synth 8-3295] tying undriven pin Mouse:value[9] to constant 0 [/home/mattliu/Desktop/EE2026-Project/MouseAudioDisplay.srcs/sources_1/new/segment.v:69]
WARNING: [Synth 8-3295] tying undriven pin Mouse:value[8] to constant 0 [/home/mattliu/Desktop/EE2026-Project/MouseAudioDisplay.srcs/sources_1/new/segment.v:69]
WARNING: [Synth 8-3295] tying undriven pin Mouse:value[7] to constant 0 [/home/mattliu/Desktop/EE2026-Project/MouseAudioDisplay.srcs/sources_1/new/segment.v:69]
WARNING: [Synth 8-3295] tying undriven pin Mouse:value[6] to constant 0 [/home/mattliu/Desktop/EE2026-Project/MouseAudioDisplay.srcs/sources_1/new/segment.v:69]
WARNING: [Synth 8-3295] tying undriven pin Mouse:value[5] to constant 0 [/home/mattliu/Desktop/EE2026-Project/MouseAudioDisplay.srcs/sources_1/new/segment.v:69]
WARNING: [Synth 8-3295] tying undriven pin Mouse:value[4] to constant 0 [/home/mattliu/Desktop/EE2026-Project/MouseAudioDisplay.srcs/sources_1/new/segment.v:69]
WARNING: [Synth 8-3295] tying undriven pin Mouse:value[3] to constant 0 [/home/mattliu/Desktop/EE2026-Project/MouseAudioDisplay.srcs/sources_1/new/segment.v:69]
WARNING: [Synth 8-3295] tying undriven pin Mouse:value[2] to constant 0 [/home/mattliu/Desktop/EE2026-Project/MouseAudioDisplay.srcs/sources_1/new/segment.v:69]
WARNING: [Synth 8-3295] tying undriven pin Mouse:value[1] to constant 0 [/home/mattliu/Desktop/EE2026-Project/MouseAudioDisplay.srcs/sources_1/new/segment.v:69]
WARNING: [Synth 8-3295] tying undriven pin Mouse:value[0] to constant 0 [/home/mattliu/Desktop/EE2026-Project/MouseAudioDisplay.srcs/sources_1/new/segment.v:69]
WARNING: [Synth 8-3295] tying undriven pin Mouse:setx to constant 0 [/home/mattliu/Desktop/EE2026-Project/MouseAudioDisplay.srcs/sources_1/new/segment.v:69]
WARNING: [Synth 8-3295] tying undriven pin Mouse:sety to constant 0 [/home/mattliu/Desktop/EE2026-Project/MouseAudioDisplay.srcs/sources_1/new/segment.v:69]
WARNING: [Synth 8-3295] tying undriven pin Mouse:setmax_x to constant 0 [/home/mattliu/Desktop/EE2026-Project/MouseAudioDisplay.srcs/sources_1/new/segment.v:69]
WARNING: [Synth 8-3295] tying undriven pin Mouse:setmax_y to constant 0 [/home/mattliu/Desktop/EE2026-Project/MouseAudioDisplay.srcs/sources_1/new/segment.v:69]
---------------------------------------------------------------------------------
Start Handling Custom Attributes
---------------------------------------------------------------------------------
---------------------------------------------------------------------------------
Finished Handling Custom Attributes : Time (s): cpu = 00:00:02 ; elapsed = 00:00:02 . Memory (MB): peak = 1278.898 ; gain = 125.648 ; free physical = 5905 ; free virtual = 12646
---------------------------------------------------------------------------------
---------------------------------------------------------------------------------
Finished RTL Optimization Phase 1 : Time (s): cpu = 00:00:02 ; elapsed = 00:00:02 . Memory (MB): peak = 1278.898 ; gain = 125.648 ; free physical = 5905 ; free virtual = 12646
---------------------------------------------------------------------------------
INFO: [Device 21-403] Loading part xc7a35tcpg236-1
INFO: [Project 1-570] Preparing netlist for logic optimization

Processing XDC Constraints
Initializing timing engine
Parsing XDC File [/home/mattliu/Desktop/EE2026-Project/MouseAudioDisplay.srcs/constrs_1/new/Basys3_Master.xdc]
Finished Parsing XDC File [/home/mattliu/Desktop/EE2026-Project/MouseAudioDisplay.srcs/constrs_1/new/Basys3_Master.xdc]
INFO: [Project 1-236] Implementation specific constraints were found while reading constraint file [/home/mattliu/Desktop/EE2026-Project/MouseAudioDisplay.srcs/constrs_1/new/Basys3_Master.xdc]. These constraints will be ignored for synthesis but will be used in implementation. Impacted constraints are listed in the file [.Xil/segment_propImpl.xdc].
Resolution: To avoid this warning, move constraints listed in [.Xil/segment_propImpl.xdc] to another XDC file and exclude this new file from synthesis with the used_in_synthesis property (File Properties dialog in GUI) and re-run elaboration/synthesis.
Completed Processing XDC Constraints

INFO: [Project 1-111] Unisim Transformation Summary:
No Unisim elements were transformed.

Constraint Validation Runtime : Time (s): cpu = 00:00:00 ; elapsed = 00:00:00 . Memory (MB): peak = 1644.250 ; gain = 0.000 ; free physical = 5642 ; free virtual = 12384
---------------------------------------------------------------------------------
Finished Constraint Validation : Time (s): cpu = 00:00:07 ; elapsed = 00:00:12 . Memory (MB): peak = 1644.250 ; gain = 491.000 ; free physical = 5726 ; free virtual = 12466
---------------------------------------------------------------------------------
---------------------------------------------------------------------------------
Start Loading Part and Timing Information
---------------------------------------------------------------------------------
Loading part: xc7a35tcpg236-1
---------------------------------------------------------------------------------
Finished Loading Part and Timing Information : Time (s): cpu = 00:00:07 ; elapsed = 00:00:12 . Memory (MB): peak = 1644.250 ; gain = 491.000 ; free physical = 5726 ; free virtual = 12466
---------------------------------------------------------------------------------
---------------------------------------------------------------------------------
Start Applying 'set_property' XDC Constraints
---------------------------------------------------------------------------------
---------------------------------------------------------------------------------
Finished applying 'set_property' XDC Constraints : Time (s): cpu = 00:00:07 ; elapsed = 00:00:12 . Memory (MB): peak = 1644.250 ; gain = 491.000 ; free physical = 5726 ; free virtual = 12466
---------------------------------------------------------------------------------
INFO: [Synth 8-5545] ROM "clk_1hz" won't be mapped to RAM because address size (26) is larger than maximum supported(25)
INFO: [Synth 8-5546] ROM "clk_625mhz" won't be mapped to RAM because it is too sparse
INFO: [Synth 8-5545] ROM "new_clock0" won't be mapped to RAM because address size (33) is larger than maximum supported(25)
INFO: [Synth 8-802] inferred FSM for state register 'state_reg' in module 'Oled_Display'
INFO: [Synth 8-5546] ROM "fsm_next_state0" won't be mapped to RAM because it is too sparse
INFO: [Synth 8-5544] ROM "fsm_next_state0" won't be mapped to Block RAM because address size (1) smaller than threshold (5)
INFO: [Synth 8-5546] ROM "fsm_next_state0" won't be mapped to RAM because it is too sparse
INFO: [Synth 8-802] inferred FSM for state register 'state_reg' in module 'Ps2Interface'
INFO: [Synth 8-5546] ROM "reset_bit_count" won't be mapped to RAM because it is too sparse
INFO: [Synth 8-5546] ROM "busy" won't be mapped to RAM because it is too sparse
INFO: [Synth 8-5546] ROM "read_data" won't be mapped to RAM because it is too sparse
INFO: [Synth 8-5546] ROM "load_tx_data" won't be mapped to RAM because it is too sparse
INFO: [Synth 8-5546] ROM "ps2_clk_h" won't be mapped to RAM because it is too sparse
INFO: [Synth 8-5546] ROM "delay_100us_counter_enable" won't be mapped to RAM because it is too sparse
INFO: [Synth 8-5546] ROM "delay_20us_counter_enable" won't be mapped to RAM because it is too sparse
INFO: [Synth 8-5546] ROM "delay_63clk_counter_enable" won't be mapped to RAM because it is too sparse
INFO: [Synth 8-5544] ROM "state" won't be mapped to Block RAM because address size (1) smaller than threshold (5)
INFO: [Synth 8-5544] ROM "state" won't be mapped to Block RAM because address size (1) smaller than threshold (5)
INFO: [Synth 8-5544] ROM "state" won't be mapped to Block RAM because address size (1) smaller than threshold (5)
INFO: [Synth 8-5544] ROM "state" won't be mapped to Block RAM because address size (1) smaller than threshold (5)
INFO: [Synth 8-5544] ROM "state" won't be mapped to Block RAM because address size (1) smaller than threshold (5)
INFO: [Synth 8-5544] ROM "state" won't be mapped to Block RAM because address size (1) smaller than threshold (5)
INFO: [Synth 8-5544] ROM "state" won't be mapped to Block RAM because address size (1) smaller than threshold (5)
INFO: [Synth 8-5544] ROM "state" won't be mapped to Block RAM because address size (1) smaller than threshold (5)
INFO: [Synth 8-5544] ROM "state" won't be mapped to Block RAM because address size (1) smaller than threshold (5)
INFO: [Synth 8-5544] ROM "state" won't be mapped to Block RAM because address size (1) smaller than threshold (5)
INFO: [Synth 8-5544] ROM "state" won't be mapped to Block RAM because address size (1) smaller than threshold (5)
INFO: [Synth 8-5544] ROM "state" won't be mapped to Block RAM because address size (1) smaller than threshold (5)
INFO: [Synth 8-5544] ROM "state" won't be mapped to Block RAM because address size (1) smaller than threshold (5)
INFO: [Synth 8-802] inferred FSM for state register 'state_reg' in module 'MouseCtl'
INFO: [Synth 8-5545] ROM "periodic_check_tick" won't be mapped to RAM because address size (26) is larger than maximum supported(25)
INFO: [Synth 8-5546] ROM "timeout" won't be mapped to RAM because it is too sparse
INFO: [Synth 8-5546] ROM "reset_periodic_check_cnt" won't be mapped to RAM because it is too sparse
INFO: [Synth 8-5546] ROM "new_event" won't be mapped to RAM because it is too sparse
INFO: [Synth 8-5544] ROM "state" won't be mapped to Block RAM because address size (1) smaller than threshold (5)
INFO: [Synth 8-5544] ROM "state" won't be mapped to Block RAM because address size (1) smaller than threshold (5)
INFO: [Synth 8-5544] ROM "state" won't be mapped to Block RAM because address size (1) smaller than threshold (5)
INFO: [Synth 8-5544] ROM "state" won't be mapped to Block RAM because address size (1) smaller than threshold (5)
INFO: [Synth 8-5544] ROM "state" won't be mapped to Block RAM because address size (1) smaller than threshold (5)
INFO: [Synth 8-5544] ROM "state" won't be mapped to Block RAM because address size (1) smaller than threshold (5)
INFO: [Synth 8-5544] ROM "state" won't be mapped to Block RAM because address size (1) smaller than threshold (5)
INFO: [Synth 8-5544] ROM "state" won't be mapped to Block RAM because address size (1) smaller than threshold (5)
INFO: [Synth 8-5544] ROM "state" won't be mapped to Block RAM because address size (1) smaller than threshold (5)
INFO: [Synth 8-5544] ROM "state" won't be mapped to Block RAM because address size (1) smaller than threshold (5)
INFO: [Synth 8-5544] ROM "state" won't be mapped to Block RAM because address size (1) smaller than threshold (5)
INFO: [Synth 8-5544] ROM "state" won't be mapped to Block RAM because address size (1) smaller than threshold (5)
INFO: [Synth 8-5544] ROM "state" won't be mapped to Block RAM because address size (1) smaller than threshold (5)
INFO: [Synth 8-5544] ROM "state" won't be mapped to Block RAM because address size (1) smaller than threshold (5)
INFO: [Synth 8-5544] ROM "state" won't be mapped to Block RAM because address size (1) smaller than threshold (5)
INFO: [Synth 8-5544] ROM "state" won't be mapped to Block RAM because address size (1) smaller than threshold (5)
INFO: [Synth 8-5544] ROM "state" won't be mapped to Block RAM because address size (1) smaller than threshold (5)
INFO: [Synth 8-5544] ROM "state" won't be mapped to Block RAM because address size (1) smaller than threshold (5)
INFO: [Synth 8-5544] ROM "state" won't be mapped to Block RAM because address size (1) smaller than threshold (5)
INFO: [Synth 8-5544] ROM "state" won't be mapped to Block RAM because address size (1) smaller than threshold (5)
INFO: [Synth 8-5544] ROM "state" won't be mapped to Block RAM because address size (1) smaller than threshold (5)
INFO: [Synth 8-5544] ROM "state" won't be mapped to Block RAM because address size (1) smaller than threshold (5)
INFO: [Synth 8-5544] ROM "state" won't be mapped to Block RAM because address size (1) smaller than threshold (5)
INFO: [Synth 8-5544] ROM "state" won't be mapped to Block RAM because address size (1) smaller than threshold (5)
INFO: [Synth 8-5544] ROM "state" won't be mapped to Block RAM because address size (1) smaller than threshold (5)
INFO: [Synth 8-5544] ROM "state" won't be mapped to Block RAM because address size (1) smaller than threshold (5)
INFO: [Synth 8-5544] ROM "state" won't be mapped to Block RAM because address size (1) smaller than threshold (5)
INFO: [Synth 8-5544] ROM "state" won't be mapped to Block RAM because address size (1) smaller than threshold (5)
INFO: [Synth 8-5544] ROM "state" won't be mapped to Block RAM because address size (1) smaller than threshold (5)
INFO: [Synth 8-5544] ROM "state" won't be mapped to Block RAM because address size (1) smaller than threshold (5)
INFO: [Synth 8-5544] ROM "state" won't be mapped to Block RAM because address size (1) smaller than threshold (5)
INFO: [Synth 8-5544] ROM "state" won't be mapped to Block RAM because address size (1) smaller than threshold (5)
INFO: [Synth 8-5544] ROM "state" won't be mapped to Block RAM because address size (1) smaller than threshold (5)
INFO: [Synth 8-5544] ROM "state" won't be mapped to Block RAM because address size (1) smaller than threshold (5)
INFO: [Synth 8-5544] ROM "state" won't be mapped to Block RAM because address size (1) smaller than threshold (5)
INFO: [Synth 8-5544] ROM "state" won't be mapped to Block RAM because address size (1) smaller than threshold (5)
INFO: [Synth 8-5544] ROM "state" won't be mapped to Block RAM because address size (1) smaller than threshold (5)
INFO: [Synth 8-5544] ROM "state" won't be mapped to Block RAM because address size (1) smaller than threshold (5)
INFO: [Synth 8-5544] ROM "state" won't be mapped to Block RAM because address size (1) smaller than threshold (5)
---------------------------------------------------------------------------------------------------
                   State |                     New Encoding |                Previous Encoding 
---------------------------------------------------------------------------------------------------
                 PowerUp | 00000000100000000000000000000000 |                            00000
                   Reset | 00000000000100000000000000000000 |                            00001
            ReleaseReset | 00000000000000000000100000000000 |                            00011
            EnableDriver | 00000000000000000001000000000000 |                            00010
              DisplayOff | 00000000000000000100000000000000 |                            00110
   SetRemapDisplayFormat | 00000100000000000000000000000000 |                            00111
            SetStartLine | 00001000000000000000000000000000 |                            00101
               SetOffset | 10000000000000000000000000000000 |                            00100
        SetNormalDisplay | 00000000000000000000000010000000 |                            01100
       SetMultiplexRatio | 00000000000000000000000000100000 |                            01101
  SetMasterConfiguration | 00000000000000000000000001000000 |                            01111
        DisablePowerSave | 00000000000000000000000000000100 |                            01110
          SetPhaseAdjust | 00000000000000000000000000001000 |                            01010
         SetDisplayClock | 00000000001000000000000000000000 |                            01011
     SetSecondPrechargeA | 00000000010000000000000000000000 |                            01001
     SetSecondPrechargeB | 01000000000000000000000000000000 |                            01000
     SetSecondPrechargeC | 00000010000000000000000000000000 |                            11000
       SetPrechargeLevel | 00000001000000000000000000000000 |                            11001
                SetVCOMH | 00000000000000010000000000000000 |                            11011
        SetMasterCurrent | 00000000000000100000000000000000 |                            11010
            SetContrastA | 00000000000001000000000000000000 |                            11110
            SetContrastB | 00100000000000000000000000000000 |                            11111
            SetContrastC | 00000000000000000000000000000001 |                            11101
        DisableScrolling | 00000000000000000000000000000010 |                            11100
             ClearScreen | 00000000000000000000000000010000 |                            10100
                   VccEn | 00010000000000000000000000000000 |                            10101
               DisplayOn | 00000000000010000000000000000000 |                            10111
        PrepareNextFrame | 00000000000000001000000000000000 |                            10110
           SetColAddress | 00000000000000000000010000000000 |                            10010
           SetRowAddress | 00000000000000000000000100000000 |                            10011
           WaitNextFrame | 00000000000000000000001000000000 |                            10001
               SendPixel | 00000000000000000010000000000000 |                            10000
---------------------------------------------------------------------------------------------------
INFO: [Synth 8-3354] encoded FSM with state register 'state_reg' using encoding 'one-hot' in module 'Oled_Display'
---------------------------------------------------------------------------------------------------
                   State |                     New Encoding |                Previous Encoding 
---------------------------------------------------------------------------------------------------
                    idle |                00000000000000001 |                            00000
            rx_down_edge |                00000000000000010 |                            00011
                rx_clk_l |                00000000000000100 |                            00010
                rx_clk_h |                00000000000001000 |                            00001
         rx_error_parity |                00000000000010000 |                            00100
           rx_data_ready |                00000000000100000 |                            00101
          tx_force_clk_l |                00000000001000000 |                            00110
      tx_bring_data_down |                00000000010000000 |                            00111
          tx_release_clk |                00000000100000000 |                            01000
 tx_first_wait_down_edge |                00000001000000000 |                            01001
                tx_clk_l |                00000010000000000 |                            01010
         tx_wait_up_edge |                00000100000000000 |                            01011
tx_wait_up_edge_before_ack |                00001000000000000 |                            01101
             tx_wait_ack |                00010000000000000 |                            01110
         tx_received_ack |                00100000000000000 |                            01111
         tx_error_no_ack |                01000000000000000 |                            10000
                tx_clk_h |                10000000000000000 |                            01100
---------------------------------------------------------------------------------------------------
INFO: [Synth 8-3354] encoded FSM with state register 'state_reg' using encoding 'one-hot' in module 'Ps2Interface'
---------------------------------------------------------------------------------------------------
                   State |                     New Encoding |                Previous Encoding 
---------------------------------------------------------------------------------------------------
                   reset | 0000000000000000000000000000000000001 |                           000000
          reset_wait_ack | 0000000000000000000000000000000000010 |                           000001
reset_wait_bat_completion | 0000000000000000000000000000000000100 |                           000010
           reset_wait_id | 0000000000000000000000000000000001000 |                           000011
reset_set_sample_rate_200 | 0000000000000000000000000000000010000 |                           000100
reset_set_sample_rate_200_wait_ack | 0000000000000000000000000000000100000 |                           000101
reset_send_sample_rate_200 | 0000000000000000000000000000001000000 |                           000110
reset_send_sample_rate_200_wait_ack | 0000000000000000000000000000010000000 |                           000111
reset_set_sample_rate_100 | 0000000000000000000000000000100000000 |                           001000
reset_set_sample_rate_100_wait_ack | 0000000000000000000000000001000000000 |                           001001
reset_send_sample_rate_100 | 0000000000000000000000000010000000000 |                           001010
reset_send_sample_rate_100_wait_ack | 0000000000000000000000000100000000000 |                           001011
reset_set_sample_rate_80 | 0000000000000000000000001000000000000 |                           001100
reset_set_sample_rate_80_wait_ack | 0000000000000000000000010000000000000 |                           001101
reset_send_sample_rate_80 | 0000000000000000000000100000000000000 |                           001110
reset_send_sample_rate_80_wait_ack | 0000000000000000000001000000000000000 |                           001111
           reset_read_id | 0000000000000000000010000000000000000 |                           010000
  reset_read_id_wait_ack | 0000000000000000000100000000000000000 |                           010001
   reset_read_id_wait_id | 0000000000000000001000000000000000000 |                           010010
    reset_set_resolution | 0000000000000000010000000000000000000 |                           010011
reset_set_resolution_wait_ack | 0000000000000000100000000000000000000 |                           010100
   reset_send_resolution | 0000000000000001000000000000000000000 |                           010101
reset_send_resolution_wait_ack | 0000000000000010000000000000000000000 |                           010110
reset_set_sample_rate_40 | 0000000000000100000000000000000000000 |                           010111
reset_set_sample_rate_40_wait_ack | 0000000000001000000000000000000000000 |                           011000
reset_send_sample_rate_40 | 0000000000010000000000000000000000000 |                           011001
reset_send_sample_rate_40_wait_ack | 0000000000100000000000000000000000000 |                           011010
  reset_enable_reporting | 0000000001000000000000000000000000000 |                           011011
reset_enable_reporting_wait_ack | 0000000010000000000000000000000000000 |                           011100
             read_byte_1 | 0000000100000000000000000000000000000 |                           011101
             read_byte_2 | 0000001000000000000000000000000000000 |                           011110
             read_byte_3 | 0000010000000000000000000000000000000 |                           011111
             read_byte_4 | 0000100000000000000000000000000000000 |                           100000
          mark_new_event | 0001000000000000000000000000000000000 |                           100100
           check_read_id | 0010000000000000000000000000000000000 |                           100001
  check_read_id_wait_ack | 0100000000000000000000000000000000000 |                           100010
   check_read_id_wait_id | 1000000000000000000000000000000000000 |                           100011
---------------------------------------------------------------------------------------------------
INFO: [Synth 8-3354] encoded FSM with state register 'state_reg' using encoding 'one-hot' in module 'MouseCtl'
---------------------------------------------------------------------------------
Finished RTL Optimization Phase 2 : Time (s): cpu = 00:00:08 ; elapsed = 00:00:13 . Memory (MB): peak = 1644.250 ; gain = 491.000 ; free physical = 5716 ; free virtual = 12456
---------------------------------------------------------------------------------

Report RTL Partitions: 
+-+--------------+------------+----------+
| |RTL Partition |Replication |Instances |
+-+--------------+------------+----------+
+-+--------------+------------+----------+
---------------------------------------------------------------------------------
Start RTL Component Statistics 
---------------------------------------------------------------------------------
Detailed RTL Component Info : 
+---Adders : 
	   2 Input     33 Bit       Adders := 1     
	   2 Input     32 Bit       Adders := 2     
	   2 Input     26 Bit       Adders := 2     
	   2 Input     24 Bit       Adders := 1     
	   2 Input     17 Bit       Adders := 1     
	   2 Input     12 Bit       Adders := 4     
	   2 Input     11 Bit       Adders := 1     
	   2 Input      8 Bit       Adders := 2     
	   2 Input      7 Bit       Adders := 2     
	   2 Input      6 Bit       Adders := 1     
	   2 Input      5 Bit       Adders := 1     
	   2 Input      4 Bit       Adders := 3     
+---Registers : 
	               40 Bit    Registers := 1     
	               33 Bit    Registers := 1     
	               26 Bit    Registers := 2     
	               24 Bit    Registers := 1     
	               17 Bit    Registers := 1     
	               16 Bit    Registers := 3     
	               13 Bit    Registers := 1     
	               12 Bit    Registers := 6     
	               11 Bit    Registers := 2     
	                8 Bit    Registers := 4     
	                7 Bit    Registers := 1     
	                6 Bit    Registers := 1     
	                5 Bit    Registers := 1     
	                4 Bit    Registers := 4     
	                1 Bit    Registers := 40    
+---Muxes : 
	   2 Input     40 Bit        Muxes := 3     
	  37 Input     37 Bit        Muxes := 1     
	   2 Input     37 Bit        Muxes := 69    
	  32 Input     32 Bit        Muxes := 1     
	   2 Input     32 Bit        Muxes := 2     
	   2 Input     26 Bit        Muxes := 2     
	   2 Input     24 Bit        Muxes := 1     
	  32 Input     20 Bit        Muxes := 1     
	   2 Input     17 Bit        Muxes := 19    
	  17 Input     17 Bit        Muxes := 1     
	   2 Input     16 Bit        Muxes := 11    
	   2 Input     12 Bit        Muxes := 10    
	   2 Input     11 Bit        Muxes := 1     
	   2 Input      9 Bit        Muxes := 2     
	  37 Input      8 Bit        Muxes := 3     
	   2 Input      7 Bit        Muxes := 1     
	  32 Input      6 Bit        Muxes := 1     
	   2 Input      6 Bit        Muxes := 1     
	   2 Input      5 Bit        Muxes := 3     
	  32 Input      5 Bit        Muxes := 1     
	  37 Input      4 Bit        Muxes := 1     
	   2 Input      1 Bit        Muxes := 12    
	  17 Input      1 Bit        Muxes := 4     
	  37 Input      1 Bit        Muxes := 20    
---------------------------------------------------------------------------------
Finished RTL Component Statistics 
---------------------------------------------------------------------------------
---------------------------------------------------------------------------------
Start RTL Hierarchical Component Statistics 
---------------------------------------------------------------------------------
Hierarchical RTL Component report 
Module segment 
Detailed RTL Component Info : 
+---Registers : 
	               16 Bit    Registers := 1     
Module clocks 
Detailed RTL Component Info : 
+---Adders : 
	   2 Input     26 Bit       Adders := 1     
	   2 Input      5 Bit       Adders := 1     
+---Registers : 
	               26 Bit    Registers := 1     
	                5 Bit    Registers := 1     
	                1 Bit    Registers := 2     
+---Muxes : 
	   2 Input     26 Bit        Muxes := 1     
	   2 Input      5 Bit        Muxes := 1     
	   2 Input      1 Bit        Muxes := 2     
Module ThousandHz 
Detailed RTL Component Info : 
+---Adders : 
	   2 Input     33 Bit       Adders := 1     
+---Registers : 
	               33 Bit    Registers := 1     
	                1 Bit    Registers := 1     
Module Oled_Display 
Detailed RTL Component Info : 
+---Adders : 
	   2 Input     17 Bit       Adders := 1     
	   2 Input      6 Bit       Adders := 1     
+---Registers : 
	               40 Bit    Registers := 1     
	               17 Bit    Registers := 1     
	                6 Bit    Registers := 1     
+---Muxes : 
	   2 Input     40 Bit        Muxes := 3     
	  32 Input     32 Bit        Muxes := 1     
	   2 Input     32 Bit        Muxes := 2     
	  32 Input     20 Bit        Muxes := 1     
	   2 Input     17 Bit        Muxes := 1     
	  32 Input      6 Bit        Muxes := 1     
	   2 Input      6 Bit        Muxes := 1     
	   2 Input      5 Bit        Muxes := 2     
	  32 Input      5 Bit        Muxes := 1     
	   2 Input      1 Bit        Muxes := 2     
Module Ps2Interface 
Detailed RTL Component Info : 
+---Adders : 
	   2 Input     11 Bit       Adders := 1     
	   2 Input      7 Bit       Adders := 1     
	   2 Input      4 Bit       Adders := 3     
+---Registers : 
	               11 Bit    Registers := 2     
	                8 Bit    Registers := 1     
	                7 Bit    Registers := 1     
	                4 Bit    Registers := 3     
	                1 Bit    Registers := 17    
+---Muxes : 
	  17 Input     17 Bit        Muxes := 1     
	   2 Input     17 Bit        Muxes := 18    
	   2 Input     11 Bit        Muxes := 1     
	   2 Input      1 Bit        Muxes := 3     
	  17 Input      1 Bit        Muxes := 4     
Module MouseCtl 
Detailed RTL Component Info : 
+---Adders : 
	   2 Input     26 Bit       Adders := 1     
	   2 Input     24 Bit       Adders := 1     
	   2 Input     12 Bit       Adders := 4     
	   2 Input      8 Bit       Adders := 1     
+---Registers : 
	               26 Bit    Registers := 1     
	               24 Bit    Registers := 1     
	               12 Bit    Registers := 6     
	                8 Bit    Registers := 3     
	                4 Bit    Registers := 1     
	                1 Bit    Registers := 17    
+---Muxes : 
	  37 Input     37 Bit        Muxes := 1     
	   2 Input     37 Bit        Muxes := 69    
	   2 Input     26 Bit        Muxes := 1     
	   2 Input     24 Bit        Muxes := 1     
	   2 Input     12 Bit        Muxes := 10    
	   2 Input      9 Bit        Muxes := 2     
	  37 Input      8 Bit        Muxes := 3     
	  37 Input      4 Bit        Muxes := 1     
	   2 Input      1 Bit        Muxes := 5     
	  37 Input      1 Bit        Muxes := 20    
Module debouncer 
Detailed RTL Component Info : 
+---Registers : 
	                1 Bit    Registers := 2     
Module handleClick 
Detailed RTL Component Info : 
+---Registers : 
	               13 Bit    Registers := 1     
	                1 Bit    Registers := 1     
+---Muxes : 
	   2 Input      7 Bit        Muxes := 1     
Module segment_display 
Detailed RTL Component Info : 
+---Muxes : 
	   2 Input     16 Bit        Muxes := 1     
Module seg_blocks 
Detailed RTL Component Info : 
+---Registers : 
	               16 Bit    Registers := 1     
+---Muxes : 
	   2 Input     16 Bit        Muxes := 10    
Module mouseDisplay 
Detailed RTL Component Info : 
+---Adders : 
	   2 Input     32 Bit       Adders := 2     
	   2 Input      8 Bit       Adders := 1     
	   2 Input      7 Bit       Adders := 1     
+---Registers : 
	               16 Bit    Registers := 1     
---------------------------------------------------------------------------------
Finished RTL Hierarchical Component Statistics
---------------------------------------------------------------------------------
---------------------------------------------------------------------------------
Start Part Resource Summary
---------------------------------------------------------------------------------
Part Resources:
DSPs: 90 (col length:60)
BRAMs: 100 (col length: RAMB18 60 RAMB36 30)
---------------------------------------------------------------------------------
Finished Part Resource Summary
---------------------------------------------------------------------------------
---------------------------------------------------------------------------------
Start Cross Boundary and Area Optimization
---------------------------------------------------------------------------------
Warning: Parallel synthesis criteria is not met 
INFO: [Synth 8-5545] ROM "clk_1hz" won't be mapped to RAM because address size (26) is larger than maximum supported(25)
INFO: [Synth 8-5545] ROM "new_clock0" won't be mapped to RAM because address size (33) is larger than maximum supported(25)
INFO: [Synth 8-5546] ROM "fsm_next_state0" won't be mapped to RAM because it is too sparse
INFO: [Synth 8-5546] ROM "fsm_next_state0" won't be mapped to RAM because it is too sparse
INFO: [Synth 8-5545] ROM "periodic_check_tick" won't be mapped to RAM because address size (26) is larger than maximum supported(25)
INFO: [Synth 8-5546] ROM "timeout" won't be mapped to RAM because it is too sparse
WARNING: [Synth 8-3331] design seg_blocks has unconnected port segment_status[12]
WARNING: [Synth 8-3331] design seg_blocks has unconnected port segment_status[11]
WARNING: [Synth 8-3331] design seg_blocks has unconnected port segment_status[10]
WARNING: [Synth 8-3331] design seg_blocks has unconnected port segment_status[9]
WARNING: [Synth 8-3331] design seg_blocks has unconnected port segment_status[8]
WARNING: [Synth 8-3331] design seg_blocks has unconnected port segment_status[7]
WARNING: [Synth 8-3331] design segment_display has unconnected port CLOCK
WARNING: [Synth 8-3331] design segment has unconnected port sw[6]
WARNING: [Synth 8-3331] design segment has unconnected port sw[5]
WARNING: [Synth 8-3331] design segment has unconnected port sw[4]
WARNING: [Synth 8-3331] design segment has unconnected port sw[3]
WARNING: [Synth 8-3331] design segment has unconnected port sw[2]
WARNING: [Synth 8-3331] design segment has unconnected port sw[1]
WARNING: [Synth 8-3331] design segment has unconnected port sw[0]
INFO: [Synth 8-3886] merging instance 'nolabel_line78/oled_data_reg[0]' (FDSE) to 'nolabel_line78/oled_data_reg[15]'
INFO: [Synth 8-3886] merging instance 'sb/oled_data_reg[0]' (FDS) to 'sb/oled_data_reg[15]'
INFO: [Synth 8-3886] merging instance 'nolabel_line78/oled_data_reg[1]' (FDSE) to 'nolabel_line78/oled_data_reg[15]'
INFO: [Synth 8-3886] merging instance 'sb/oled_data_reg[1]' (FDS) to 'sb/oled_data_reg[15]'
INFO: [Synth 8-3886] merging instance 'nolabel_line78/oled_data_reg[2]' (FDSE) to 'nolabel_line78/oled_data_reg[15]'
INFO: [Synth 8-3886] merging instance 'sb/oled_data_reg[2]' (FDS) to 'sb/oled_data_reg[15]'
INFO: [Synth 8-3886] merging instance 'nolabel_line78/oled_data_reg[3]' (FDSE) to 'nolabel_line78/oled_data_reg[15]'
INFO: [Synth 8-3886] merging instance 'sb/oled_data_reg[3]' (FDS) to 'sb/oled_data_reg[15]'
INFO: [Synth 8-3886] merging instance 'nolabel_line78/oled_data_reg[4]' (FDSE) to 'nolabel_line78/oled_data_reg[15]'
INFO: [Synth 8-3886] merging instance 'sb/oled_data_reg[4]' (FDS) to 'sb/oled_data_reg[15]'
INFO: [Synth 8-3886] merging instance 'nolabel_line78/oled_data_reg[5]' (FDSE) to 'nolabel_line78/oled_data_reg[15]'
INFO: [Synth 8-3886] merging instance 'sb/oled_data_reg[5]' (FDS) to 'sb/oled_data_reg[15]'
INFO: [Synth 8-3886] merging instance 'nolabel_line78/oled_data_reg[6]' (FDSE) to 'nolabel_line78/oled_data_reg[15]'
INFO: [Synth 8-3886] merging instance 'sb/oled_data_reg[6]' (FDS) to 'sb/oled_data_reg[15]'
INFO: [Synth 8-3886] merging instance 'nolabel_line78/oled_data_reg[7]' (FDSE) to 'nolabel_line78/oled_data_reg[15]'
INFO: [Synth 8-3886] merging instance 'sb/oled_data_reg[7]' (FDS) to 'sb/oled_data_reg[15]'
INFO: [Synth 8-3886] merging instance 'nolabel_line78/oled_data_reg[8]' (FDSE) to 'nolabel_line78/oled_data_reg[15]'
INFO: [Synth 8-3886] merging instance 'sb/oled_data_reg[8]' (FDS) to 'sb/oled_data_reg[15]'
INFO: [Synth 8-3886] merging instance 'nolabel_line78/oled_data_reg[9]' (FDSE) to 'nolabel_line78/oled_data_reg[15]'
INFO: [Synth 8-3886] merging instance 'sb/oled_data_reg[9]' (FDS) to 'sb/oled_data_reg[15]'
INFO: [Synth 8-3886] merging instance 'nolabel_line78/oled_data_reg[10]' (FDSE) to 'nolabel_line78/oled_data_reg[15]'
INFO: [Synth 8-3886] merging instance 'sb/oled_data_reg[10]' (FDS) to 'sb/oled_data_reg[15]'
INFO: [Synth 8-3886] merging instance 'nolabel_line78/oled_data_reg[11]' (FDSE) to 'nolabel_line78/oled_data_reg[15]'
INFO: [Synth 8-3886] merging instance 'sb/oled_data_reg[11]' (FDS) to 'sb/oled_data_reg[15]'
INFO: [Synth 8-3886] merging instance 'nolabel_line78/oled_data_reg[12]' (FDSE) to 'nolabel_line78/oled_data_reg[15]'
INFO: [Synth 8-3886] merging instance 'sb/oled_data_reg[12]' (FDS) to 'sb/oled_data_reg[15]'
INFO: [Synth 8-3886] merging instance 'Mouse/x_max_reg[0]' (FDRE) to 'Mouse/y_max_reg[11]'
INFO: [Synth 8-3886] merging instance 'Mouse/x_max_reg[1]' (FDRE) to 'Mouse/y_max_reg[11]'
INFO: [Synth 8-3886] merging instance 'Mouse/x_max_reg[2]' (FDRE) to 'Mouse/y_max_reg[11]'
INFO: [Synth 8-3886] merging instance 'Mouse/x_max_reg[3]' (FDRE) to 'Mouse/y_max_reg[11]'
INFO: [Synth 8-3886] merging instance 'Mouse/x_max_reg[4]' (FDRE) to 'Mouse/y_max_reg[11]'
INFO: [Synth 8-3886] merging instance 'Mouse/x_max_reg[5]' (FDRE) to 'Mouse/y_max_reg[11]'
INFO: [Synth 8-3886] merging instance 'Mouse/x_max_reg[6]' (FDSE) to 'Mouse/y_max_reg[9]'
INFO: [Synth 8-3886] merging instance 'Mouse/x_max_reg[7]' (FDSE) to 'Mouse/y_max_reg[9]'
INFO: [Synth 8-3886] merging instance 'Mouse/x_max_reg[8]' (FDSE) to 'Mouse/y_max_reg[9]'
INFO: [Synth 8-3886] merging instance 'Mouse/x_max_reg[9]' (FDSE) to 'Mouse/y_max_reg[9]'
INFO: [Synth 8-3886] merging instance 'Mouse/x_max_reg[10]' (FDRE) to 'Mouse/y_max_reg[11]'
INFO: [Synth 8-3886] merging instance 'Mouse/x_max_reg[11]' (FDRE) to 'Mouse/y_max_reg[11]'
INFO: [Synth 8-3886] merging instance 'Mouse/y_max_reg[0]' (FDRE) to 'Mouse/y_max_reg[11]'
INFO: [Synth 8-3886] merging instance 'Mouse/y_max_reg[1]' (FDRE) to 'Mouse/y_max_reg[11]'
INFO: [Synth 8-3886] merging instance 'Mouse/y_max_reg[2]' (FDRE) to 'Mouse/y_max_reg[11]'
INFO: [Synth 8-3886] merging instance 'Mouse/y_max_reg[3]' (FDRE) to 'Mouse/y_max_reg[11]'
INFO: [Synth 8-3886] merging instance 'Mouse/y_max_reg[4]' (FDRE) to 'Mouse/y_max_reg[11]'
INFO: [Synth 8-3886] merging instance 'Mouse/y_max_reg[5]' (FDRE) to 'Mouse/y_max_reg[11]'
INFO: [Synth 8-3886] merging instance 'Mouse/y_max_reg[6]' (FDRE) to 'Mouse/y_max_reg[11]'
INFO: [Synth 8-3886] merging instance 'Mouse/y_max_reg[7]' (FDSE) to 'Mouse/y_max_reg[9]'
INFO: [Synth 8-3886] merging instance 'Mouse/y_max_reg[8]' (FDRE) to 'Mouse/y_max_reg[11]'
INFO: [Synth 8-3886] merging instance 'Mouse/y_max_reg[10]' (FDRE) to 'Mouse/y_max_reg[11]'
INFO: [Synth 8-3333] propagating constant 0 across sequential element (Mouse/\y_max_reg[11] )
INFO: [Synth 8-3886] merging instance 'nolabel_line78/oled_data_reg[13]' (FDSE) to 'nolabel_line78/oled_data_reg[15]'
INFO: [Synth 8-3886] merging instance 'sb/oled_data_reg[13]' (FDS) to 'sb/oled_data_reg[15]'
INFO: [Synth 8-3886] merging instance 'nolabel_line78/oled_data_reg[14]' (FDSE) to 'nolabel_line78/oled_data_reg[15]'
INFO: [Synth 8-3886] merging instance 'sb/oled_data_reg[14]' (FDS) to 'sb/oled_data_reg[15]'
INFO: [Synth 8-3886] merging instance 'oled_data_reg[0]' (FD) to 'oled_data_reg[1]'
INFO: [Synth 8-3886] merging instance 'oled_data_reg[1]' (FD) to 'oled_data_reg[2]'
INFO: [Synth 8-3886] merging instance 'oled_data_reg[2]' (FD) to 'oled_data_reg[3]'
INFO: [Synth 8-3886] merging instance 'oled_data_reg[3]' (FD) to 'oled_data_reg[4]'
INFO: [Synth 8-3886] merging instance 'oled_data_reg[4]' (FD) to 'oled_data_reg[5]'
INFO: [Synth 8-3886] merging instance 'oled_data_reg[5]' (FD) to 'oled_data_reg[6]'
INFO: [Synth 8-3886] merging instance 'oled_data_reg[6]' (FD) to 'oled_data_reg[7]'
INFO: [Synth 8-3886] merging instance 'oled_data_reg[7]' (FD) to 'oled_data_reg[8]'
INFO: [Synth 8-3886] merging instance 'oled_data_reg[8]' (FD) to 'oled_data_reg[9]'
INFO: [Synth 8-3886] merging instance 'oled_data_reg[9]' (FD) to 'oled_data_reg[10]'
INFO: [Synth 8-3886] merging instance 'oled_data_reg[10]' (FD) to 'oled_data_reg[11]'
INFO: [Synth 8-3886] merging instance 'oled_data_reg[11]' (FD) to 'oled_data_reg[12]'
INFO: [Synth 8-3886] merging instance 'oled_data_reg[12]' (FD) to 'oled_data_reg[13]'
INFO: [Synth 8-3886] merging instance 'oled_data_reg[13]' (FD) to 'oled_data_reg[14]'
INFO: [Synth 8-3886] merging instance 'oled_data_reg[14]' (FD) to 'oled_data_reg[15]'
WARNING: [Synth 8-3332] Sequential element (counter_1hz_reg[25]) is unused and will be removed from module clocks.
WARNING: [Synth 8-3332] Sequential element (counter_1hz_reg[24]) is unused and will be removed from module clocks.
WARNING: [Synth 8-3332] Sequential element (counter_1hz_reg[23]) is unused and will be removed from module clocks.
WARNING: [Synth 8-3332] Sequential element (counter_1hz_reg[22]) is unused and will be removed from module clocks.
WARNING: [Synth 8-3332] Sequential element (counter_1hz_reg[21]) is unused and will be removed from module clocks.
WARNING: [Synth 8-3332] Sequential element (counter_1hz_reg[20]) is unused and will be removed from module clocks.
WARNING: [Synth 8-3332] Sequential element (counter_1hz_reg[19]) is unused and will be removed from module clocks.
WARNING: [Synth 8-3332] Sequential element (counter_1hz_reg[18]) is unused and will be removed from module clocks.
WARNING: [Synth 8-3332] Sequential element (counter_1hz_reg[17]) is unused and will be removed from module clocks.
WARNING: [Synth 8-3332] Sequential element (counter_1hz_reg[16]) is unused and will be removed from module clocks.
WARNING: [Synth 8-3332] Sequential element (counter_1hz_reg[15]) is unused and will be removed from module clocks.
WARNING: [Synth 8-3332] Sequential element (counter_1hz_reg[14]) is unused and will be removed from module clocks.
WARNING: [Synth 8-3332] Sequential element (counter_1hz_reg[13]) is unused and will be removed from module clocks.
WARNING: [Synth 8-3332] Sequential element (counter_1hz_reg[12]) is unused and will be removed from module clocks.
WARNING: [Synth 8-3332] Sequential element (counter_1hz_reg[11]) is unused and will be removed from module clocks.
WARNING: [Synth 8-3332] Sequential element (counter_1hz_reg[10]) is unused and will be removed from module clocks.
WARNING: [Synth 8-3332] Sequential element (counter_1hz_reg[9]) is unused and will be removed from module clocks.
WARNING: [Synth 8-3332] Sequential element (counter_1hz_reg[8]) is unused and will be removed from module clocks.
WARNING: [Synth 8-3332] Sequential element (counter_1hz_reg[7]) is unused and will be removed from module clocks.
WARNING: [Synth 8-3332] Sequential element (counter_1hz_reg[6]) is unused and will be removed from module clocks.
WARNING: [Synth 8-3332] Sequential element (counter_1hz_reg[5]) is unused and will be removed from module clocks.
WARNING: [Synth 8-3332] Sequential element (counter_1hz_reg[4]) is unused and will be removed from module clocks.
WARNING: [Synth 8-3332] Sequential element (counter_1hz_reg[3]) is unused and will be removed from module clocks.
WARNING: [Synth 8-3332] Sequential element (counter_1hz_reg[2]) is unused and will be removed from module clocks.
WARNING: [Synth 8-3332] Sequential element (counter_1hz_reg[1]) is unused and will be removed from module clocks.
WARNING: [Synth 8-3332] Sequential element (counter_1hz_reg[0]) is unused and will be removed from module clocks.
WARNING: [Synth 8-3332] Sequential element (clk_1hz_reg) is unused and will be removed from module clocks.
WARNING: [Synth 8-3332] Sequential element (zpos_reg[3]) is unused and will be removed from module MouseCtl.
WARNING: [Synth 8-3332] Sequential element (zpos_reg[2]) is unused and will be removed from module MouseCtl.
WARNING: [Synth 8-3332] Sequential element (zpos_reg[1]) is unused and will be removed from module MouseCtl.
WARNING: [Synth 8-3332] Sequential element (zpos_reg[0]) is unused and will be removed from module MouseCtl.
WARNING: [Synth 8-3332] Sequential element (middle_down_reg) is unused and will be removed from module MouseCtl.
WARNING: [Synth 8-3332] Sequential element (middle_reg) is unused and will be removed from module MouseCtl.
WARNING: [Synth 8-3332] Sequential element (right_down_reg) is unused and will be removed from module MouseCtl.
WARNING: [Synth 8-3332] Sequential element (right_reg) is unused and will be removed from module MouseCtl.
WARNING: [Synth 8-3332] Sequential element (new_event_reg) is unused and will be removed from module MouseCtl.
WARNING: [Synth 8-3332] Sequential element (y_max_reg[11]) is unused and will be removed from module MouseCtl.
WARNING: [Synth 8-3332] Sequential element (y_max_reg[9]) is unused and will be removed from module MouseCtl.
INFO: [Synth 8-3886] merging instance 'debounce_clk/counter_reg[31]' (FD) to 'debounce_clk/counter_reg[32]'
INFO: [Synth 8-3886] merging instance 'debounce_clk/counter_reg[32]' (FD) to 'debounce_clk/counter_reg[30]'
INFO: [Synth 8-3886] merging instance 'debounce_clk/counter_reg[17]' (FD) to 'debounce_clk/counter_reg[30]'
INFO: [Synth 8-3886] merging instance 'debounce_clk/counter_reg[18]' (FD) to 'debounce_clk/counter_reg[30]'
INFO: [Synth 8-3886] merging instance 'debounce_clk/counter_reg[19]' (FD) to 'debounce_clk/counter_reg[30]'
INFO: [Synth 8-3886] merging instance 'debounce_clk/counter_reg[20]' (FD) to 'debounce_clk/counter_reg[30]'
INFO: [Synth 8-3886] merging instance 'debounce_clk/counter_reg[21]' (FD) to 'debounce_clk/counter_reg[30]'
INFO: [Synth 8-3886] merging instance 'debounce_clk/counter_reg[22]' (FD) to 'debounce_clk/counter_reg[30]'
INFO: [Synth 8-3886] merging instance 'debounce_clk/counter_reg[23]' (FD) to 'debounce_clk/counter_reg[30]'
INFO: [Synth 8-3886] merging instance 'debounce_clk/counter_reg[24]' (FD) to 'debounce_clk/counter_reg[30]'
INFO: [Synth 8-3886] merging instance 'debounce_clk/counter_reg[25]' (FD) to 'debounce_clk/counter_reg[30]'
INFO: [Synth 8-3886] merging instance 'debounce_clk/counter_reg[26]' (FD) to 'debounce_clk/counter_reg[30]'
INFO: [Synth 8-3886] merging instance 'debounce_clk/counter_reg[27]' (FD) to 'debounce_clk/counter_reg[30]'
INFO: [Synth 8-3886] merging instance 'debounce_clk/counter_reg[28]' (FD) to 'debounce_clk/counter_reg[30]'
INFO: [Synth 8-3886] merging instance 'debounce_clk/counter_reg[29]' (FD) to 'debounce_clk/counter_reg[30]'
INFO: [Synth 8-3333] propagating constant 0 across sequential element (debounce_clk/\counter_reg[30] )
WARNING: [Synth 8-3332] Sequential element (counter_reg[30]) is unused and will be removed from module ThousandHz.
WARNING: [Synth 8-3332] Sequential element (xpos_reg[0]) is unused and will be removed from module MouseCtl.
WARNING: [Synth 8-3332] Sequential element (ypos_reg[0]) is unused and will be removed from module MouseCtl.
---------------------------------------------------------------------------------
Finished Cross Boundary and Area Optimization : Time (s): cpu = 00:00:12 ; elapsed = 00:00:18 . Memory (MB): peak = 1644.250 ; gain = 491.000 ; free physical = 5699 ; free virtual = 12445
---------------------------------------------------------------------------------

Report RTL Partitions: 
+-+--------------+------------+----------+
| |RTL Partition |Replication |Instances |
+-+--------------+------------+----------+
+-+--------------+------------+----------+
---------------------------------------------------------------------------------
Start Applying XDC Timing Constraints
---------------------------------------------------------------------------------
---------------------------------------------------------------------------------
Finished Applying XDC Timing Constraints : Time (s): cpu = 00:00:16 ; elapsed = 00:00:23 . Memory (MB): peak = 1644.250 ; gain = 491.000 ; free physical = 5570 ; free virtual = 12313
---------------------------------------------------------------------------------
---------------------------------------------------------------------------------
Start Timing Optimization
---------------------------------------------------------------------------------
---------------------------------------------------------------------------------
Finished Timing Optimization : Time (s): cpu = 00:00:16 ; elapsed = 00:00:23 . Memory (MB): peak = 1644.250 ; gain = 491.000 ; free physical = 5570 ; free virtual = 12314
---------------------------------------------------------------------------------

Report RTL Partitions: 
+-+--------------+------------+----------+
| |RTL Partition |Replication |Instances |
+-+--------------+------------+----------+
+-+--------------+------------+----------+
---------------------------------------------------------------------------------
Start Technology Mapping
---------------------------------------------------------------------------------
---------------------------------------------------------------------------------
Finished Technology Mapping : Time (s): cpu = 00:00:16 ; elapsed = 00:00:23 . Memory (MB): peak = 1644.250 ; gain = 491.000 ; free physical = 5558 ; free virtual = 12302
---------------------------------------------------------------------------------

Report RTL Partitions: 
+-+--------------+------------+----------+
| |RTL Partition |Replication |Instances |
+-+--------------+------------+----------+
+-+--------------+------------+----------+
---------------------------------------------------------------------------------
Start IO Insertion
---------------------------------------------------------------------------------
---------------------------------------------------------------------------------
Start Flattening Before IO Insertion
---------------------------------------------------------------------------------
---------------------------------------------------------------------------------
Finished Flattening Before IO Insertion
---------------------------------------------------------------------------------
---------------------------------------------------------------------------------
Start Final Netlist Cleanup
---------------------------------------------------------------------------------
INFO: [Synth 8-5365] Flop Mouse/Inst_Ps2Interface/ps2_clk_h_reg is being inverted and renamed to Mouse/Inst_Ps2Interface/ps2_clk_h_reg_inv.
INFO: [Synth 8-5365] Flop Mouse/Inst_Ps2Interface/ps2_data_h_reg is being inverted and renamed to Mouse/Inst_Ps2Interface/ps2_data_h_reg_inv.
---------------------------------------------------------------------------------
Finished Final Netlist Cleanup
---------------------------------------------------------------------------------
---------------------------------------------------------------------------------
Finished IO Insertion : Time (s): cpu = 00:00:17 ; elapsed = 00:00:24 . Memory (MB): peak = 1644.250 ; gain = 491.000 ; free physical = 5558 ; free virtual = 12302
---------------------------------------------------------------------------------

Report Check Netlist: 
+------+------------------+-------+---------+-------+------------------+
|      |Item              |Errors |Warnings |Status |Description       |
+------+------------------+-------+---------+-------+------------------+
|1     |multi_driven_nets |      0|        0|Passed |Multi driven nets |
+------+------------------+-------+---------+-------+------------------+
---------------------------------------------------------------------------------
Start Renaming Generated Instances
---------------------------------------------------------------------------------
---------------------------------------------------------------------------------
Finished Renaming Generated Instances : Time (s): cpu = 00:00:17 ; elapsed = 00:00:24 . Memory (MB): peak = 1644.250 ; gain = 491.000 ; free physical = 5558 ; free virtual = 12302
---------------------------------------------------------------------------------

Report RTL Partitions: 
+-+--------------+------------+----------+
| |RTL Partition |Replication |Instances |
+-+--------------+------------+----------+
+-+--------------+------------+----------+
---------------------------------------------------------------------------------
Start Rebuilding User Hierarchy
---------------------------------------------------------------------------------
---------------------------------------------------------------------------------
Finished Rebuilding User Hierarchy : Time (s): cpu = 00:00:17 ; elapsed = 00:00:24 . Memory (MB): peak = 1644.250 ; gain = 491.000 ; free physical = 5558 ; free virtual = 12302
---------------------------------------------------------------------------------
---------------------------------------------------------------------------------
Start Renaming Generated Ports
---------------------------------------------------------------------------------
---------------------------------------------------------------------------------
Finished Renaming Generated Ports : Time (s): cpu = 00:00:17 ; elapsed = 00:00:24 . Memory (MB): peak = 1644.250 ; gain = 491.000 ; free physical = 5558 ; free virtual = 12302
---------------------------------------------------------------------------------
---------------------------------------------------------------------------------
Start Handling Custom Attributes
---------------------------------------------------------------------------------
---------------------------------------------------------------------------------
Finished Handling Custom Attributes : Time (s): cpu = 00:00:17 ; elapsed = 00:00:24 . Memory (MB): peak = 1644.250 ; gain = 491.000 ; free physical = 5558 ; free virtual = 12302
---------------------------------------------------------------------------------
---------------------------------------------------------------------------------
Start Renaming Generated Nets
---------------------------------------------------------------------------------
---------------------------------------------------------------------------------
Finished Renaming Generated Nets : Time (s): cpu = 00:00:17 ; elapsed = 00:00:24 . Memory (MB): peak = 1644.250 ; gain = 491.000 ; free physical = 5558 ; free virtual = 12302
---------------------------------------------------------------------------------
---------------------------------------------------------------------------------
Start Writing Synthesis Report
---------------------------------------------------------------------------------

Report BlackBoxes: 
+-+--------------+----------+
| |BlackBox name |Instances |
+-+--------------+----------+
+-+--------------+----------+

Report Cell Usage: 
+------+-------+------+
|      |Cell   |Count |
+------+-------+------+
|1     |BUFG   |     2|
|2     |CARRY4 |   104|
|3     |LUT1   |    31|
|4     |LUT2   |   250|
|5     |LUT3   |   160|
|6     |LUT4   |   123|
|7     |LUT5   |   163|
|8     |LUT6   |   282|
|9     |FDRE   |   386|
|10    |FDRE_1 |    31|
|11    |FDSE_1 |     1|
|12    |IBUF   |     2|
|13    |IOBUF  |     2|
|14    |OBUF   |     7|
+------+-------+------+

Report Instance Areas: 
+------+----------------------+-------------+------+
|      |Instance              |Module       |Cells |
+------+----------------------+-------------+------+
|1     |top                   |             |  1544|
|2     |  Mouse               |MouseCtl     |   768|
|3     |    Inst_Ps2Interface |Ps2Interface |   281|
|4     |  clickHandler        |handleClick  |    10|
|5     |  clock               |clocks       |    14|
|6     |  debounce_clk        |ThousandHz   |    54|
|7     |  nolabel_line70      |debouncer    |     5|
|8     |  nolabel_line78      |mouseDisplay |    13|
|9     |  od0                 |Oled_Display |   624|
|10    |  sb                  |seg_blocks   |    16|
+------+----------------------+-------------+------+
---------------------------------------------------------------------------------
Finished Writing Synthesis Report : Time (s): cpu = 00:00:17 ; elapsed = 00:00:24 . Memory (MB): peak = 1644.250 ; gain = 491.000 ; free physical = 5558 ; free virtual = 12302
---------------------------------------------------------------------------------
Synthesis finished with 0 errors, 0 critical warnings and 55 warnings.
Synthesis Optimization Runtime : Time (s): cpu = 00:00:13 ; elapsed = 00:00:15 . Memory (MB): peak = 1644.250 ; gain = 125.648 ; free physical = 5617 ; free virtual = 12361
Synthesis Optimization Complete : Time (s): cpu = 00:00:17 ; elapsed = 00:00:24 . Memory (MB): peak = 1644.250 ; gain = 491.000 ; free physical = 5617 ; free virtual = 12361
INFO: [Project 1-571] Translating synthesized netlist
INFO: [Netlist 29-17] Analyzing 140 Unisim elements for replacement
INFO: [Netlist 29-28] Unisim Transformation completed in 0 CPU seconds
INFO: [Project 1-570] Preparing netlist for logic optimization
INFO: [Opt 31-138] Pushed 0 inverter(s) to 0 load pin(s).
INFO: [Project 1-111] Unisim Transformation Summary:
  A total of 34 instances were transformed.
  FDRE_1 => FDRE (inverted pins: C): 31 instances
  FDSE_1 => FDSE (inverted pins: C): 1 instances
  IOBUF => IOBUF (IBUF, OBUFT): 2 instances

INFO: [Common 17-83] Releasing license: Synthesis
207 Infos, 101 Warnings, 0 Critical Warnings and 0 Errors encountered.
synth_design completed successfully
synth_design: Time (s): cpu = 00:00:18 ; elapsed = 00:00:25 . Memory (MB): peak = 1664.266 ; gain = 511.016 ; free physical = 5608 ; free virtual = 12352
WARNING: [Constraints 18-5210] No constraint will be written out.
INFO: [Common 17-1381] The checkpoint '/home/mattliu/Desktop/EE2026-Project/MouseAudioDisplay.runs/synth_1/segment.dcp' has been generated.
INFO: [runtcl-4] Executing : report_utilization -file segment_utilization_synth.rpt -pb segment_utilization_synth.pb
report_utilization: Time (s): cpu = 00:00:00.03 ; elapsed = 00:00:00.06 . Memory (MB): peak = 1688.277 ; gain = 0.000 ; free physical = 5602 ; free virtual = 12346
INFO: [Common 17-206] Exiting Vivado at Sun Mar 19 21:37:09 2023...
